<?xml version="1.0" ?>
<coverage branch-rate="0.4219" branches-covered="273" branches-valid="647" complexity="0" line-rate="0.6625" lines-covered="1580" lines-valid="2385" timestamp="1554341805044" version="4.5.3">
	<!-- Generated by coverage.py: https://coverage.readthedocs.io -->
	<!-- Based on https://raw.githubusercontent.com/cobertura/web/master/htdocs/xml/coverage-04.dtd -->
	<sources>
		<source>/Users/jens/src/zope/Products.ZSQLMethods/src</source>
	</sources>
	<packages>
		<package branch-rate="1" complexity="0" line-rate="1" name="Products">
			<classes>
				<class branch-rate="1" complexity="0" filename="Products/__init__.py" line-rate="1" name="__init__.py">
					<methods/>
					<lines>
						<line hits="1" number="1"/>
					</lines>
				</class>
			</classes>
		</package>
		<package branch-rate="0.5455" complexity="0" line-rate="0.7015" name="Products.ZSQLMethods">
			<classes>
				<class branch-rate="0.5455" complexity="0" filename="Products/ZSQLMethods/SQL.py" line-rate="0.6923" name="SQL.py">
					<methods/>
					<lines>
						<line hits="1" number="14"/>
						<line hits="1" number="15"/>
						<line hits="1" number="16"/>
						<line hits="1" number="17"/>
						<line hits="1" number="18"/>
						<line hits="1" number="19"/>
						<line hits="1" number="23"/>
						<line hits="1" number="24"/>
						<line hits="0" number="25"/>
						<line hits="0" number="26"/>
						<line hits="1" number="29"/>
						<line hits="1" number="36"/>
						<line branch="true" condition-coverage="100% (2/2)" hits="1" number="38"/>
						<line branch="true" condition-coverage="50% (1/2)" hits="1" missing-branches="55" number="39"/>
						<line branch="true" condition-coverage="100% (2/2)" hits="1" number="40"/>
						<line branch="true" condition-coverage="100% (2/2)" hits="1" number="41"/>
						<line hits="1" number="43"/>
						<line branch="true" condition-coverage="50% (1/2)" hits="1" missing-branches="48" number="45"/>
						<line hits="1" number="46"/>
						<line branch="true" condition-coverage="50% (1/2)" hits="1" missing-branches="40" number="48"/>
						<line branch="true" condition-coverage="50% (1/2)" hits="1" missing-branches="52" number="49"/>
						<line hits="1" number="50"/>
						<line hits="0" number="52"/>
						<line hits="1" number="53"/>
						<line hits="1" number="55"/>
						<line branch="true" condition-coverage="100% (2/2)" hits="1" number="57"/>
						<line hits="1" number="58"/>
						<line hits="1" number="60"/>
						<line hits="1" number="63"/>
						<line hits="1" number="66"/>
						<line hits="0" number="83"/>
						<line branch="true" condition-coverage="0% (0/2)" hits="0" missing-branches="85,97" number="84"/>
						<line hits="0" number="85"/>
						<line hits="0" number="86"/>
						<line hits="0" number="87"/>
						<line hits="0" number="88"/>
						<line branch="true" condition-coverage="0% (0/2)" hits="0" missing-branches="90,91" number="89"/>
						<line hits="0" number="90"/>
						<line branch="true" condition-coverage="0% (0/2)" hits="0" missing-branches="92,94" number="91"/>
						<line hits="0" number="92"/>
						<line hits="0" number="94"/>
						<line hits="0" number="96"/>
						<line hits="0" number="97"/>
						<line hits="1" number="100"/>
						<line hits="1" number="138"/>
						<line hits="1" number="139"/>
						<line hits="1" number="141"/>
						<line hits="1" number="143"/>
						<line hits="1" number="145"/>
						<line hits="1" number="147"/>
						<line hits="1" number="148"/>
						<line hits="1" number="151"/>
					</lines>
				</class>
				<class branch-rate="1" complexity="0" filename="Products/ZSQLMethods/__init__.py" line-rate="0.7333" name="__init__.py">
					<methods/>
					<lines>
						<line hits="1" number="13"/>
						<line hits="1" number="16"/>
						<line hits="1" number="17"/>
						<line hits="1" number="18"/>
						<line hits="1" number="19"/>
						<line hits="1" number="20"/>
						<line hits="1" number="21"/>
						<line hits="1" number="22"/>
						<line hits="1" number="23"/>
						<line hits="1" number="26"/>
						<line hits="0" number="28"/>
						<line hits="0" number="36"/>
						<line hits="0" number="43"/>
						<line hits="0" number="44"/>
						<line hits="1" number="47"/>
					</lines>
				</class>
			</classes>
		</package>
		<package branch-rate="1" complexity="0" line-rate="0.9434" name="Products.ZSQLMethods.tests">
			<classes>
				<class branch-rate="1" complexity="0" filename="Products/ZSQLMethods/tests/__init__.py" line-rate="1" name="__init__.py">
					<methods/>
					<lines/>
				</class>
				<class branch-rate="1" complexity="0" filename="Products/ZSQLMethods/tests/dummy.py" line-rate="1" name="dummy.py">
					<methods/>
					<lines>
						<line hits="1" number="3"/>
						<line hits="1" number="4"/>
						<line hits="1" number="7"/>
						<line hits="1" number="9"/>
						<line hits="1" number="10"/>
						<line hits="1" number="12"/>
						<line hits="1" number="13"/>
						<line hits="1" number="14"/>
						<line hits="1" number="16"/>
						<line hits="1" number="17"/>
						<line hits="1" number="19"/>
						<line branch="true" condition-coverage="100% (2/2)" hits="1" number="20"/>
						<line hits="1" number="21"/>
						<line hits="1" number="22"/>
					</lines>
				</class>
				<class branch-rate="1" complexity="0" filename="Products/ZSQLMethods/tests/test_SQL.py" line-rate="0.9231" name="test_SQL.py">
					<methods/>
					<lines>
						<line hits="1" number="1"/>
						<line hits="1" number="4"/>
						<line hits="1" number="6"/>
						<line hits="1" number="7"/>
						<line hits="1" number="8"/>
						<line hits="1" number="10"/>
						<line hits="0" number="11"/>
						<line hits="1" number="13"/>
						<line hits="1" number="14"/>
						<line hits="1" number="15"/>
						<line hits="1" number="16"/>
						<line hits="0" number="17"/>
						<line hits="0" number="18"/>
						<line hits="1" number="19"/>
						<line hits="1" number="22"/>
						<line hits="1" number="24"/>
						<line hits="1" number="25"/>
						<line hits="1" number="26"/>
						<line hits="1" number="27"/>
						<line hits="1" number="29"/>
						<line hits="1" number="30"/>
						<line hits="1" number="31"/>
						<line hits="1" number="32"/>
						<line hits="1" number="33"/>
						<line hits="1" number="34"/>
						<line hits="1" number="35"/>
						<line hits="1" number="36"/>
						<line hits="1" number="37"/>
						<line hits="1" number="38"/>
						<line hits="1" number="39"/>
						<line hits="1" number="40"/>
						<line hits="1" number="42"/>
						<line hits="1" number="43"/>
						<line hits="1" number="45"/>
						<line hits="1" number="47"/>
						<line hits="1" number="50"/>
						<line hits="1" number="54"/>
						<line hits="1" number="59"/>
						<line hits="1" number="60"/>
					</lines>
				</class>
			</classes>
		</package>
		<package branch-rate="1" complexity="0" line-rate="1" name="Shared">
			<classes>
				<class branch-rate="1" complexity="0" filename="Shared/__init__.py" line-rate="1" name="__init__.py">
					<methods/>
					<lines>
						<line hits="1" number="1"/>
					</lines>
				</class>
			</classes>
		</package>
		<package branch-rate="1" complexity="0" line-rate="1" name="Shared.DC">
			<classes>
				<class branch-rate="1" complexity="0" filename="Shared/DC/__init__.py" line-rate="1" name="__init__.py">
					<methods/>
					<lines>
						<line hits="1" number="1"/>
					</lines>
				</class>
			</classes>
		</package>
		<package branch-rate="0.3757" complexity="0" line-rate="0.5183" name="Shared.DC.ZRDB">
			<classes>
				<class branch-rate="0.2188" complexity="0" filename="Shared/DC/ZRDB/Aqueduct.py" line-rate="0.4691" name="Aqueduct.py">
					<methods/>
					<lines>
						<line hits="1" number="14"/>
						<line hits="1" number="15"/>
						<line hits="1" number="16"/>
						<line hits="1" number="18"/>
						<line hits="1" number="20"/>
						<line hits="1" number="21"/>
						<line hits="1" number="22"/>
						<line hits="1" number="23"/>
						<line hits="1" number="24"/>
						<line hits="1" number="25"/>
						<line hits="1" number="26"/>
						<line hits="1" number="27"/>
						<line hits="1" number="28"/>
						<line hits="1" number="31"/>
						<line hits="1" number="32"/>
						<line hits="1" number="35"/>
						<line hits="1" number="37"/>
						<line hits="1" number="38"/>
						<line hits="1" number="39"/>
						<line hits="1" number="40"/>
						<line hits="1" number="41"/>
						<line hits="1" number="43"/>
						<line hits="0" number="44"/>
						<line hits="1" number="46"/>
						<line hits="0" number="47"/>
						<line hits="1" number="49"/>
						<line hits="0" number="50"/>
						<line hits="1" number="52"/>
						<line hits="0" number="53"/>
						<line hits="1" number="55"/>
						<line hits="0" number="56"/>
						<line hits="1" number="58"/>
						<line hits="0" number="59"/>
						<line hits="1" number="61"/>
						<line hits="1" number="62"/>
						<line hits="1" number="64"/>
						<line hits="1" number="65"/>
						<line hits="0" number="66"/>
						<line hits="0" number="67"/>
						<line hits="0" number="68"/>
						<line hits="1" number="70"/>
						<line hits="1" number="71"/>
						<line branch="true" condition-coverage="100% (2/2)" hits="1" number="73"/>
						<line hits="1" number="74"/>
						<line hits="1" number="75"/>
						<line hits="1" number="76"/>
						<line hits="1" number="77"/>
						<line hits="1" number="78"/>
						<line hits="1" number="79"/>
						<line hits="1" number="80"/>
						<line hits="1" number="81"/>
						<line hits="1" number="82"/>
						<line hits="1" number="83"/>
						<line hits="1" number="84"/>
						<line hits="1" number="85"/>
						<line branch="true" condition-coverage="0% (0/2)" hits="1" missing-branches="73,87" number="86"/>
						<line hits="0" number="87"/>
						<line hits="1" number="88"/>
						<line hits="1" number="89"/>
						<line hits="1" number="106"/>
						<line hits="1" number="109"/>
						<line hits="1" number="111"/>
						<line hits="0" number="113"/>
						<line hits="0" number="114"/>
						<line hits="0" number="115"/>
						<line hits="0" number="116"/>
						<line hits="0" number="117"/>
						<line hits="1" number="119"/>
						<line hits="0" number="120"/>
						<line hits="1" number="122"/>
						<line hits="0" number="124"/>
						<line hits="0" number="127"/>
						<line hits="1" number="129"/>
						<line hits="0" number="132"/>
						<line hits="0" number="133"/>
						<line hits="0" number="134"/>
						<line hits="1" number="136"/>
						<line hits="0" number="138"/>
						<line hits="1" number="141"/>
						<line hits="1" number="143"/>
						<line hits="0" number="145"/>
						<line hits="0" number="146"/>
						<line hits="0" number="147"/>
						<line hits="0" number="148"/>
						<line hits="0" number="149"/>
						<line hits="0" number="150"/>
						<line branch="true" condition-coverage="0% (0/2)" hits="0" missing-branches="152,159" number="151"/>
						<line hits="0" number="152"/>
						<line hits="0" number="153"/>
						<line hits="0" number="154"/>
						<line hits="0" number="155"/>
						<line hits="0" number="156"/>
						<line hits="0" number="157"/>
						<line hits="0" number="158"/>
						<line branch="true" condition-coverage="0% (0/2)" hits="0" missing-branches="160,161" number="159"/>
						<line hits="0" number="160"/>
						<line hits="0" number="161"/>
						<line hits="0" number="162"/>
						<line hits="1" number="164"/>
						<line branch="true" condition-coverage="0% (0/2)" hits="0" missing-branches="exit,exit" number="165"/>
						<line hits="1" number="171"/>
						<line branch="true" condition-coverage="0% (0/2)" hits="0" missing-branches="173,208" number="172"/>
						<line hits="0" number="173"/>
						<line branch="true" condition-coverage="0% (0/2)" hits="0" missing-branches="exit,exit" number="174"/>
						<line hits="0" number="208"/>
						<line hits="1" number="227"/>
						<line hits="1" number="229"/>
						<line hits="1" number="233"/>
						<line hits="0" number="236"/>
						<line hits="0" number="237"/>
						<line branch="true" condition-coverage="0% (0/2)" hits="0" missing-branches="exit,244" number="238"/>
						<line branch="true" condition-coverage="0% (0/2)" hits="0" missing-branches="245,247" number="244"/>
						<line hits="0" number="245"/>
						<line hits="0" number="247"/>
						<line hits="0" number="249"/>
						<line branch="true" condition-coverage="0% (0/2)" hits="0" missing-branches="251,257" number="250"/>
						<line hits="0" number="251"/>
						<line branch="true" condition-coverage="0% (0/2)" hits="0" missing-branches="253,254" number="252"/>
						<line hits="0" number="253"/>
						<line hits="0" number="254"/>
						<line hits="0" number="257"/>
						<line hits="0" number="260"/>
						<line hits="1" number="264"/>
						<line hits="0" number="267"/>
						<line hits="0" number="268"/>
						<line branch="true" condition-coverage="0% (0/2)" hits="0" missing-branches="exit,275" number="269"/>
						<line branch="true" condition-coverage="0% (0/2)" hits="0" missing-branches="276,278" number="275"/>
						<line hits="0" number="276"/>
						<line hits="0" number="278"/>
						<line hits="0" number="280"/>
						<line branch="true" condition-coverage="0% (0/2)" hits="0" missing-branches="282,286" number="281"/>
						<line hits="0" number="282"/>
						<line hits="0" number="283"/>
						<line hits="0" number="284"/>
						<line hits="0" number="286"/>
						<line hits="0" number="289"/>
						<line hits="1" number="293"/>
						<line hits="0" number="294"/>
						<line branch="true" condition-coverage="0% (0/2)" hits="0" missing-branches="296,297" number="295"/>
						<line hits="0" number="296"/>
						<line hits="0" number="297"/>
						<line hits="1" number="300"/>
						<line hits="0" number="301"/>
						<line hits="0" number="302"/>
						<line branch="true" condition-coverage="0% (0/2)" hits="0" missing-branches="304,305" number="303"/>
						<line hits="0" number="304"/>
						<line hits="0" number="305"/>
						<line hits="0" number="306"/>
						<line hits="1" number="309"/>
						<line hits="0" number="310"/>
						<line hits="0" number="311"/>
						<line hits="0" number="312"/>
						<line hits="0" number="313"/>
						<line hits="1" number="316"/>
						<line hits="1" number="318"/>
						<line hits="1" number="319"/>
						<line hits="1" number="320"/>
						<line hits="1" number="322"/>
						<line branch="true" condition-coverage="100% (2/2)" hits="1" number="323"/>
						<line hits="1" number="325"/>
						<line branch="true" condition-coverage="100% (2/2)" hits="1" number="326"/>
						<line hits="1" number="328"/>
						<line hits="1" number="329"/>
						<line hits="1" number="331"/>
						<line hits="1" number="332"/>
						<line hits="1" number="334"/>
						<line hits="1" number="335"/>
						<line hits="1" number="337"/>
						<line hits="1" number="338"/>
						<line hits="1" number="340"/>
						<line hits="1" number="341"/>
						<line hits="1" number="343"/>
						<line hits="1" number="344"/>
						<line hits="1" number="346"/>
						<line hits="1" number="347"/>
						<line hits="1" number="350"/>
						<line branch="true" condition-coverage="100% (2/2)" hits="1" number="361"/>
						<line hits="1" number="362"/>
						<line hits="1" number="363"/>
						<line hits="1" number="365"/>
						<line hits="1" number="367"/>
						<line branch="true" condition-coverage="50% (1/2)" hits="1" missing-branches="370" number="369"/>
						<line hits="0" number="370"/>
						<line hits="0" number="371"/>
						<line hits="0" number="372"/>
						<line hits="1" number="375"/>
						<line branch="true" condition-coverage="50% (1/2)" hits="1" missing-branches="378" number="377"/>
						<line hits="0" number="378"/>
						<line hits="0" number="379"/>
						<line hits="0" number="380"/>
						<line hits="1" number="383"/>
						<line branch="true" condition-coverage="100% (2/2)" hits="1" number="385"/>
						<line hits="1" number="386"/>
						<line hits="1" number="387"/>
						<line hits="1" number="388"/>
						<line branch="true" condition-coverage="50% (1/2)" hits="1" missing-branches="392" number="390"/>
						<line hits="1" number="391"/>
						<line hits="0" number="392"/>
						<line hits="1" number="394"/>
						<line branch="true" condition-coverage="50% (1/2)" hits="1" missing-branches="396" number="395"/>
						<line hits="0" number="396"/>
						<line hits="0" number="397"/>
						<line hits="1" number="399"/>
						<line hits="1" number="400"/>
						<line hits="1" number="402"/>
						<line hits="1" number="405"/>
						<line branch="true" condition-coverage="0% (0/2)" hits="0" missing-branches="413,415" number="412"/>
						<line hits="0" number="413"/>
						<line hits="0" number="415"/>
						<line hits="1" number="418"/>
						<line hits="0" number="419"/>
						<line hits="0" number="420"/>
						<line hits="1" number="423"/>
						<line hits="0" number="434"/>
						<line branch="true" condition-coverage="0% (0/2)" hits="0" missing-branches="436,438" number="435"/>
						<line hits="0" number="436"/>
						<line hits="0" number="438"/>
						<line hits="0" number="440"/>
						<line hits="0" number="442"/>
						<line branch="true" condition-coverage="0% (0/2)" hits="0" missing-branches="444,455" number="443"/>
						<line branch="true" condition-coverage="0% (0/2)" hits="0" missing-branches="445,447" number="444"/>
						<line hits="0" number="445"/>
						<line hits="0" number="447"/>
						<line branch="true" condition-coverage="0% (0/2)" hits="0" missing-branches="449,453" number="448"/>
						<line hits="0" number="449"/>
						<line hits="0" number="451"/>
						<line hits="0" number="453"/>
						<line branch="true" condition-coverage="0% (0/2)" hits="0" missing-branches="456,464" number="455"/>
						<line hits="0" number="456"/>
						<line branch="true" condition-coverage="0% (0/2)" hits="0" missing-branches="458,461" number="457"/>
						<line hits="0" number="458"/>
						<line hits="0" number="459"/>
						<line hits="0" number="461"/>
						<line hits="0" number="462"/>
						<line hits="0" number="464"/>
						<line hits="1" number="467"/>
						<line hits="0" number="468"/>
						<line hits="0" number="469"/>
						<line hits="0" number="470"/>
						<line hits="0" number="471"/>
						<line hits="0" number="472"/>
						<line hits="0" number="474"/>
						<line branch="true" condition-coverage="0% (0/2)" hits="0" missing-branches="exit,exit" number="475"/>
					</lines>
				</class>
				<class branch-rate="0.2333" complexity="0" filename="Shared/DC/ZRDB/Connection.py" line-rate="0.4823" name="Connection.py">
					<methods/>
					<lines>
						<line hits="1" number="13"/>
						<line hits="1" number="15"/>
						<line hits="1" number="16"/>
						<line hits="0" number="17"/>
						<line hits="0" number="18"/>
						<line hits="1" number="19"/>
						<line hits="1" number="20"/>
						<line hits="1" number="22"/>
						<line hits="1" number="24"/>
						<line hits="1" number="25"/>
						<line hits="1" number="26"/>
						<line hits="1" number="27"/>
						<line hits="1" number="28"/>
						<line hits="1" number="29"/>
						<line hits="1" number="30"/>
						<line hits="1" number="31"/>
						<line hits="1" number="32"/>
						<line hits="1" number="33"/>
						<line hits="1" number="34"/>
						<line hits="1" number="35"/>
						<line hits="1" number="36"/>
						<line hits="1" number="37"/>
						<line hits="1" number="38"/>
						<line hits="1" number="40"/>
						<line hits="1" number="41"/>
						<line hits="1" number="42"/>
						<line hits="1" number="45"/>
						<line hits="1" number="48"/>
						<line hits="1" number="50"/>
						<line hits="1" number="53"/>
						<line hits="1" number="58"/>
						<line hits="1" number="59"/>
						<line hits="1" number="62"/>
						<line hits="1" number="64"/>
						<line hits="1" number="65"/>
						<line hits="1" number="66"/>
						<line hits="1" number="68"/>
						<line hits="1" number="69"/>
						<line branch="true" condition-coverage="100% (2/2)" hits="1" number="70"/>
						<line hits="1" number="71"/>
						<line hits="1" number="72"/>
						<line hits="0" number="73"/>
						<line hits="0" number="74"/>
						<line hits="1" number="77"/>
						<line hits="0" number="78"/>
						<line branch="true" condition-coverage="0% (0/2)" hits="0" missing-branches="80,82" number="79"/>
						<line hits="0" number="80"/>
						<line hits="0" number="82"/>
						<line hits="0" number="83"/>
						<line hits="1" number="85"/>
						<line hits="0" number="86"/>
						<line branch="true" condition-coverage="0% (0/2)" hits="0" missing-branches="88,90" number="87"/>
						<line hits="0" number="88"/>
						<line hits="0" number="90"/>
						<line hits="0" number="91"/>
						<line hits="1" number="93"/>
						<line hits="0" number="94"/>
						<line hits="1" number="96"/>
						<line hits="1" number="97"/>
						<line hits="1" number="98"/>
						<line branch="true" condition-coverage="50% (1/2)" hits="1" missing-branches="100" number="99"/>
						<line hits="0" number="100"/>
						<line hits="1" number="102"/>
						<line hits="1" number="104"/>
						<line hits="1" number="105"/>
						<line hits="0" number="108"/>
						<line branch="true" condition-coverage="0% (0/2)" hits="0" missing-branches="exit,110" number="109"/>
						<line hits="0" number="110"/>
						<line hits="0" number="111"/>
						<line hits="1" number="116"/>
						<line hits="1" number="118"/>
						<line hits="1" number="120"/>
						<line hits="1" number="121"/>
						<line hits="0" number="123"/>
						<line hits="0" number="124"/>
						<line branch="true" condition-coverage="0% (0/2)" hits="0" missing-branches="127,132" number="126"/>
						<line hits="0" number="127"/>
						<line hits="0" number="128"/>
						<line hits="0" number="129"/>
						<line hits="0" number="130"/>
						<line hits="0" number="132"/>
						<line branch="true" condition-coverage="0% (0/2)" hits="0" missing-branches="135,137" number="134"/>
						<line hits="0" number="135"/>
						<line branch="true" condition-coverage="0% (0/2)" hits="0" missing-branches="138,140" number="137"/>
						<line hits="0" number="138"/>
						<line hits="0" number="140"/>
						<line hits="0" number="142"/>
						<line hits="0" number="149"/>
						<line hits="0" number="151"/>
						<line hits="1" number="153"/>
						<line hits="1" number="155"/>
						<line hits="1" number="157"/>
						<line hits="1" number="158"/>
						<line hits="0" number="160"/>
						<line hits="0" number="161"/>
						<line branch="true" condition-coverage="0% (0/2)" hits="0" missing-branches="163,168" number="162"/>
						<line hits="0" number="163"/>
						<line hits="0" number="164"/>
						<line hits="0" number="165"/>
						<line hits="0" number="167"/>
						<line hits="0" number="168"/>
						<line branch="true" condition-coverage="0% (0/2)" hits="0" missing-branches="exit,170" number="169"/>
						<line hits="0" number="170"/>
						<line hits="1" number="172"/>
						<line hits="1" number="173"/>
						<line hits="0" number="175"/>
						<line hits="0" number="176"/>
						<line hits="0" number="177"/>
						<line hits="0" number="178"/>
						<line hits="0" number="179"/>
						<line hits="0" number="181"/>
						<line branch="true" condition-coverage="0% (0/2)" hits="0" missing-branches="exit,183" number="182"/>
						<line hits="0" number="183"/>
						<line hits="1" number="185"/>
						<line hits="0" number="186"/>
						<line hits="0" number="187"/>
						<line hits="0" number="188"/>
						<line hits="0" number="189"/>
						<line branch="true" condition-coverage="0% (0/2)" hits="0" missing-branches="191,193" number="190"/>
						<line hits="0" number="191"/>
						<line hits="0" number="192"/>
						<line hits="0" number="193"/>
						<line hits="1" number="195"/>
						<line hits="0" number="196"/>
						<line hits="0" number="197"/>
						<line hits="0" number="198"/>
						<line hits="0" number="199"/>
						<line hits="0" number="200"/>
						<line hits="0" number="201"/>
						<line hits="0" number="202"/>
						<line hits="0" number="203"/>
						<line branch="true" condition-coverage="0% (0/2)" hits="0" missing-branches="exit,208" number="207"/>
						<line hits="0" number="208"/>
						<line hits="0" number="210"/>
						<line hits="1" number="212"/>
						<line branch="true" condition-coverage="100% (2/2)" hits="1" number="213"/>
						<line hits="1" number="214"/>
						<line branch="true" condition-coverage="100% (2/2)" hits="1" number="215"/>
						<line hits="1" number="216"/>
						<line hits="1" number="217"/>
						<line hits="1" number="220"/>
					</lines>
				</class>
				<class branch-rate="0.2192" complexity="0" filename="Shared/DC/ZRDB/DA.py" line-rate="0.4507" name="DA.py">
					<methods/>
					<lines>
						<line hits="1" number="13"/>
						<line hits="1" number="15"/>
						<line hits="1" number="16"/>
						<line hits="1" number="17"/>
						<line hits="1" number="18"/>
						<line hits="1" number="20"/>
						<line hits="1" number="22"/>
						<line hits="1" number="23"/>
						<line hits="1" number="24"/>
						<line hits="1" number="25"/>
						<line hits="1" number="26"/>
						<line hits="1" number="27"/>
						<line hits="1" number="28"/>
						<line hits="1" number="29"/>
						<line hits="1" number="30"/>
						<line hits="1" number="31"/>
						<line hits="1" number="32"/>
						<line hits="1" number="33"/>
						<line hits="1" number="34"/>
						<line hits="1" number="35"/>
						<line hits="1" number="36"/>
						<line hits="1" number="37"/>
						<line hits="1" number="38"/>
						<line hits="1" number="39"/>
						<line hits="1" number="40"/>
						<line hits="1" number="41"/>
						<line hits="1" number="42"/>
						<line hits="1" number="44"/>
						<line hits="1" number="45"/>
						<line hits="1" number="46"/>
						<line hits="1" number="47"/>
						<line hits="1" number="48"/>
						<line hits="1" number="49"/>
						<line hits="1" number="50"/>
						<line hits="1" number="51"/>
						<line branch="true" condition-coverage="50% (1/2)" hits="1" missing-branches="55" number="54"/>
						<line hits="0" number="55"/>
						<line hits="0" number="56"/>
						<line hits="1" number="58"/>
						<line hits="1" number="59"/>
						<line hits="1" number="62"/>
						<line hits="0" number="64"/>
						<line branch="true" condition-coverage="0% (0/2)" hits="0" missing-branches="66,68" number="65"/>
						<line hits="0" number="66"/>
						<line hits="0" number="68"/>
						<line branch="true" condition-coverage="0% (0/2)" hits="0" missing-branches="71,74" number="69"/>
						<line hits="0" number="71"/>
						<line branch="true" condition-coverage="0% (0/2)" hits="0" missing-branches="exit,75" number="74"/>
						<line branch="true" condition-coverage="0% (0/2)" hits="0" missing-branches="76,78" number="75"/>
						<line hits="0" number="76"/>
						<line hits="0" number="78"/>
						<line branch="true" condition-coverage="0% (0/2)" hits="0" missing-branches="74,80" number="79"/>
						<line hits="0" number="80"/>
						<line hits="1" number="83"/>
						<line hits="0" number="110"/>
						<line branch="true" condition-coverage="0% (0/2)" hits="0" missing-branches="112,115" number="111"/>
						<line hits="0" number="112"/>
						<line branch="true" condition-coverage="0% (0/2)" hits="0" missing-branches="116,126" number="115"/>
						<line hits="0" number="116"/>
						<line branch="true" condition-coverage="0% (0/2)" hits="0" missing-branches="118,126" number="117"/>
						<line hits="0" number="118"/>
						<line hits="0" number="119"/>
						<line branch="true" condition-coverage="0% (0/2)" hits="0" missing-branches="121,126" number="120"/>
						<line hits="0" number="121"/>
						<line branch="true" condition-coverage="0% (0/2)" hits="0" missing-branches="120,124" number="123"/>
						<line hits="0" number="124"/>
						<line branch="true" condition-coverage="0% (0/2)" hits="0" missing-branches="127,130" number="126"/>
						<line hits="0" number="127"/>
						<line hits="0" number="128"/>
						<line branch="true" condition-coverage="0% (0/2)" hits="0" missing-branches="131,135" number="130"/>
						<line hits="0" number="131"/>
						<line branch="true" condition-coverage="0% (0/2)" hits="0" missing-branches="133,135" number="132"/>
						<line hits="0" number="133"/>
						<line hits="0" number="135"/>
						<line branch="true" condition-coverage="0% (0/2)" hits="0" missing-branches="138,142" number="137"/>
						<line hits="0" number="138"/>
						<line branch="true" condition-coverage="0% (0/2)" hits="0" missing-branches="137,140" number="139"/>
						<line hits="0" number="140"/>
						<line hits="0" number="142"/>
						<line hits="0" number="143"/>
						<line branch="true" condition-coverage="0% (0/2)" hits="0" missing-branches="exit,145" number="144"/>
						<line hits="0" number="145"/>
						<line hits="0" number="146"/>
						<line hits="0" number="148"/>
						<line branch="true" condition-coverage="0% (0/2)" hits="0" missing-branches="150,153" number="149"/>
						<line hits="0" number="150"/>
						<line hits="0" number="153"/>
						<line hits="0" number="155"/>
						<line branch="true" condition-coverage="0% (0/2)" hits="0" missing-branches="exit,158" number="157"/>
						<line branch="true" condition-coverage="0% (0/2)" hits="0" missing-branches="159,161" number="158"/>
						<line hits="0" number="159"/>
						<line hits="0" number="161"/>
						<line branch="true" condition-coverage="0% (0/2)" hits="0" missing-branches="157,163" number="162"/>
						<line hits="0" number="163"/>
						<line hits="0" number="164"/>
						<line hits="0" number="165"/>
						<line hits="1" number="168"/>
						<line hits="1" number="169"/>
						<line hits="1" number="172"/>
						<line branch="true" condition-coverage="50% (1/2)" hits="1" missing-branches="178" number="175"/>
						<line hits="1" number="176"/>
						<line branch="true" condition-coverage="0% (0/2)" hits="0" missing-branches="179,181" number="178"/>
						<line hits="0" number="179"/>
						<line hits="0" number="181"/>
						<line branch="true" condition-coverage="0% (0/2)" hits="0" missing-branches="184,186" number="183"/>
						<line hits="0" number="184"/>
						<line hits="0" number="186"/>
						<line hits="1" number="189"/>
						<line hits="1" number="191"/>
						<line hits="1" number="194"/>
						<line hits="1" number="196"/>
						<line branch="true" condition-coverage="100% (2/2)" hits="1" number="197"/>
						<line hits="1" number="198"/>
						<line hits="1" number="199"/>
						<line hits="1" number="200"/>
						<line hits="1" number="201"/>
						<line hits="1" number="203"/>
						<line hits="1" number="206"/>
						<line hits="1" number="208"/>
						<line hits="1" number="211"/>
						<line hits="1" number="219"/>
						<line hits="1" number="220"/>
						<line hits="1" number="221"/>
						<line hits="1" number="224"/>
						<line hits="1" number="225"/>
						<line hits="1" number="226"/>
						<line hits="1" number="227"/>
						<line hits="1" number="228"/>
						<line hits="1" number="229"/>
						<line hits="1" number="230"/>
						<line hits="1" number="231"/>
						<line hits="1" number="233"/>
						<line hits="1" number="242"/>
						<line hits="1" number="243"/>
						<line hits="1" number="244"/>
						<line hits="1" number="246"/>
						<line hits="1" number="248"/>
						<line hits="1" number="250"/>
						<line hits="1" number="252"/>
						<line hits="1" number="254"/>
						<line hits="0" number="257"/>
						<line hits="1" number="259"/>
						<line hits="1" number="268"/>
						<line hits="0" number="270"/>
						<line hits="0" number="271"/>
						<line hits="0" number="272"/>
						<line branch="true" condition-coverage="0% (0/2)" hits="0" missing-branches="274,276" number="273"/>
						<line hits="0" number="274"/>
						<line hits="0" number="276"/>
						<line hits="0" number="277"/>
						<line hits="0" number="278"/>
						<line hits="0" number="279"/>
						<line hits="0" number="280"/>
						<line hits="0" number="281"/>
						<line hits="0" number="282"/>
						<line hits="1" number="286"/>
						<line hits="1" number="287"/>
						<line branch="true" condition-coverage="50% (1/2)" hits="1" missing-branches="304" number="303"/>
						<line hits="0" number="304"/>
						<line branch="true" condition-coverage="50% (1/2)" hits="1" missing-branches="308" number="307"/>
						<line hits="0" number="308"/>
						<line hits="1" number="310"/>
						<line hits="1" number="311"/>
						<line hits="1" number="312"/>
						<line hits="1" number="313"/>
						<line hits="1" number="314"/>
						<line hits="1" number="315"/>
						<line hits="1" number="316"/>
						<line hits="1" number="317"/>
						<line hits="1" number="318"/>
						<line hits="1" number="319"/>
						<line branch="true" condition-coverage="50% (1/2)" hits="1" missing-branches="321" number="320"/>
						<line branch="true" condition-coverage="0% (0/2)" hits="0" missing-branches="322,323" number="321"/>
						<line hits="0" number="322"/>
						<line hits="0" number="323"/>
						<line hits="0" number="324"/>
						<line hits="1" number="325"/>
						<line hits="1" number="327"/>
						<line hits="1" number="328"/>
						<line branch="true" condition-coverage="0% (0/2)" hits="0" missing-branches="362,363" number="361"/>
						<line hits="0" number="362"/>
						<line branch="true" condition-coverage="0% (0/2)" hits="0" missing-branches="364,365" number="363"/>
						<line hits="0" number="364"/>
						<line branch="true" condition-coverage="0% (0/2)" hits="0" missing-branches="366,367" number="365"/>
						<line hits="0" number="366"/>
						<line hits="0" number="367"/>
						<line hits="0" number="368"/>
						<line hits="0" number="370"/>
						<line hits="0" number="371"/>
						<line hits="0" number="372"/>
						<line hits="0" number="373"/>
						<line hits="0" number="374"/>
						<line hits="0" number="375"/>
						<line hits="0" number="377"/>
						<line branch="true" condition-coverage="0% (0/2)" hits="0" missing-branches="exit,380" number="379"/>
						<line hits="0" number="380"/>
						<line hits="0" number="381"/>
						<line hits="1" number="384"/>
						<line hits="0" number="387"/>
						<line hits="1" number="391"/>
						<line hits="1" number="393"/>
						<line hits="1" number="394"/>
						<line branch="true" condition-coverage="0% (0/2)" hits="0" missing-branches="397,398" number="396"/>
						<line hits="0" number="397"/>
						<line hits="0" number="398"/>
						<line hits="1" number="400"/>
						<line hits="0" number="402"/>
						<line hits="0" number="403"/>
						<line hits="1" number="405"/>
						<line hits="0" number="406"/>
						<line hits="1" number="408"/>
						<line hits="0" number="411"/>
						<line hits="0" number="412"/>
						<line hits="0" number="413"/>
						<line hits="0" number="414"/>
						<line branch="true" condition-coverage="0% (0/2)" hits="0" missing-branches="416,419" number="415"/>
						<line hits="0" number="416"/>
						<line hits="0" number="417"/>
						<line hits="0" number="418"/>
						<line hits="0" number="419"/>
						<line hits="0" number="420"/>
						<line hits="0" number="421"/>
						<line hits="0" number="422"/>
						<line hits="0" number="423"/>
						<line hits="0" number="424"/>
						<line hits="0" number="425"/>
						<line hits="1" number="427"/>
						<line hits="0" number="433"/>
						<line hits="0" number="434"/>
						<line hits="0" number="435"/>
						<line hits="0" number="436"/>
						<line hits="0" number="438"/>
						<line hits="0" number="439"/>
						<line hits="0" number="440"/>
						<line hits="0" number="441"/>
						<line hits="0" number="442"/>
						<line branch="true" condition-coverage="0% (0/2)" hits="0" missing-branches="444,445" number="443"/>
						<line hits="0" number="444"/>
						<line branch="true" condition-coverage="0% (0/2)" hits="0" missing-branches="446,448" number="445"/>
						<line hits="0" number="446"/>
						<line hits="0" number="448"/>
						<line hits="0" number="449"/>
						<line hits="0" number="450"/>
						<line hits="0" number="451"/>
						<line hits="0" number="453"/>
						<line hits="0" number="461"/>
						<line branch="true" condition-coverage="0% (0/2)" hits="0" missing-branches="464,467" number="463"/>
						<line hits="0" number="464"/>
						<line hits="0" number="467"/>
						<line hits="0" number="470"/>
						<line hits="1" number="472"/>
						<line hits="0" number="475"/>
						<line hits="1" number="477"/>
						<line hits="0" number="480"/>
						<line branch="true" condition-coverage="0% (0/2)" hits="0" missing-branches="482,484" number="481"/>
						<line hits="0" number="482"/>
						<line branch="true" condition-coverage="0% (0/2)" hits="0" missing-branches="485,488" number="484"/>
						<line hits="0" number="485"/>
						<line hits="0" number="488"/>
						<line hits="1" number="490"/>
						<line hits="0" number="491"/>
						<line hits="1" number="493"/>
						<line hits="0" number="494"/>
						<line hits="1" number="496"/>
						<line hits="1" number="509"/>
						<line branch="true" condition-coverage="100% (2/2)" hits="1" number="510"/>
						<line hits="1" number="511"/>
						<line hits="1" number="512"/>
						<line hits="1" number="515"/>
						<line hits="1" number="517"/>
						<line hits="1" number="519"/>
						<line hits="1" number="521"/>
						<line branch="true" condition-coverage="100% (2/2)" hits="1" number="524"/>
						<line hits="1" number="525"/>
						<line branch="true" condition-coverage="100% (2/2)" hits="1" number="531"/>
						<line hits="1" number="532"/>
						<line hits="1" number="533"/>
						<line hits="1" number="534"/>
						<line hits="1" number="535"/>
						<line hits="1" number="536"/>
						<line branch="true" condition-coverage="100% (2/2)" hits="1" number="539"/>
						<line hits="1" number="540"/>
						<line branch="true" condition-coverage="100% (2/2)" hits="1" number="543"/>
						<line hits="1" number="545"/>
						<line hits="1" number="548"/>
						<line hits="1" number="549"/>
						<line hits="1" number="550"/>
						<line hits="1" number="551"/>
						<line hits="1" number="555"/>
						<line hits="1" number="558"/>
						<line hits="1" number="573"/>
						<line hits="1" number="574"/>
						<line hits="1" number="576"/>
						<line hits="1" number="578"/>
						<line hits="1" number="579"/>
						<line hits="1" number="591"/>
						<line branch="true" condition-coverage="50% (1/2)" hits="1" missing-branches="603" number="593"/>
						<line branch="true" condition-coverage="50% (1/2)" hits="1" missing-branches="595" number="594"/>
						<line hits="0" number="595"/>
						<line branch="true" condition-coverage="50% (1/2)" hits="1" missing-branches="600" number="597"/>
						<line hits="1" number="598"/>
						<line hits="0" number="600"/>
						<line hits="1" number="603"/>
						<line hits="1" number="605"/>
						<line branch="true" condition-coverage="100% (2/2)" hits="1" number="607"/>
						<line hits="1" number="608"/>
						<line hits="1" number="610"/>
						<line hits="1" number="611"/>
						<line hits="0" number="612"/>
						<line hits="0" number="613"/>
						<line hits="1" number="616"/>
						<line hits="1" number="617"/>
						<line hits="0" number="618"/>
						<line hits="0" number="619"/>
						<line branch="true" condition-coverage="50% (1/2)" hits="1" missing-branches="622" number="621"/>
						<line hits="0" number="622"/>
						<line hits="1" number="624"/>
						<line hits="1" number="626"/>
						<line hits="1" number="627"/>
						<line hits="1" number="628"/>
						<line hits="1" number="630"/>
						<line hits="1" number="631"/>
						<line hits="1" number="632"/>
						<line hits="1" number="633"/>
						<line hits="1" number="634"/>
						<line hits="0" number="635"/>
						<line hits="0" number="636"/>
						<line branch="true" condition-coverage="0% (0/2)" hits="0" missing-branches="638,641" number="637"/>
						<line hits="0" number="638"/>
						<line hits="0" number="641"/>
						<line branch="true" condition-coverage="50% (1/2)" hits="1" missing-branches="exit" number="643"/>
						<line branch="true" condition-coverage="50% (1/2)" hits="1" missing-branches="646" number="645"/>
						<line hits="0" number="646"/>
						<line branch="true" condition-coverage="100% (2/2)" hits="1" number="648"/>
						<line hits="1" number="649"/>
						<line hits="1" number="651"/>
						<line branch="true" condition-coverage="100% (2/2)" hits="1" number="653"/>
						<line hits="1" number="654"/>
						<line hits="1" number="656"/>
						<line branch="true" condition-coverage="50% (1/2)" hits="1" missing-branches="660" number="659"/>
						<line hits="0" number="660"/>
						<line hits="0" number="661"/>
						<line hits="0" number="662"/>
						<line hits="0" number="663"/>
						<line hits="1" number="665"/>
						<line hits="1" number="666"/>
						<line branch="true" condition-coverage="50% (1/2)" hits="1" missing-branches="668" number="667"/>
						<line hits="0" number="668"/>
						<line branch="true" condition-coverage="50% (1/2)" hits="1" missing-branches="673" number="672"/>
						<line hits="0" number="673"/>
						<line hits="1" number="675"/>
						<line hits="1" number="677"/>
						<line hits="0" number="678"/>
						<line hits="1" number="680"/>
						<line hits="0" number="681"/>
						<line branch="true" condition-coverage="0% (0/2)" hits="0" missing-branches="683,693" number="682"/>
						<line hits="0" number="683"/>
						<line branch="true" condition-coverage="0% (0/2)" hits="0" missing-branches="685,688" number="684"/>
						<line branch="true" condition-coverage="0% (0/2)" hits="0" missing-branches="686,689" number="685"/>
						<line hits="0" number="686"/>
						<line hits="0" number="688"/>
						<line hits="0" number="689"/>
						<line hits="0" number="691"/>
						<line hits="0" number="693"/>
						<line hits="0" number="694"/>
						<line hits="1" number="696"/>
						<line hits="0" number="697"/>
						<line hits="1" number="700"/>
						<line hits="0" number="701"/>
						<line hits="1" number="704"/>
						<line hits="1" number="707"/>
						<line hits="1" number="710"/>
						<line hits="1" number="713"/>
						<line hits="1" number="715"/>
						<line hits="0" number="716"/>
						<line hits="0" number="717"/>
						<line hits="0" number="718"/>
						<line hits="0" number="719"/>
						<line hits="1" number="721"/>
						<line hits="0" number="722"/>
						<line hits="0" number="723"/>
						<line hits="0" number="724"/>
						<line branch="true" condition-coverage="0% (0/2)" hits="0" missing-branches="726,739" number="725"/>
						<line branch="true" condition-coverage="0% (0/2)" hits="0" missing-branches="727,733" number="726"/>
						<line hits="0" number="727"/>
						<line branch="true" condition-coverage="0% (0/2)" hits="0" missing-branches="729,730" number="728"/>
						<line hits="0" number="729"/>
						<line hits="0" number="730"/>
						<line hits="0" number="731"/>
						<line hits="0" number="733"/>
						<line branch="true" condition-coverage="0% (0/2)" hits="0" missing-branches="736,737" number="735"/>
						<line hits="0" number="736"/>
						<line hits="0" number="737"/>
						<line branch="true" condition-coverage="0% (0/2)" hits="0" missing-branches="740,742" number="739"/>
						<line hits="0" number="740"/>
						<line hits="0" number="742"/>
						<line branch="true" condition-coverage="0% (0/2)" hits="0" missing-branches="744,750" number="743"/>
						<line branch="true" condition-coverage="0% (0/2)" hits="0" missing-branches="745,752" number="744"/>
						<line hits="0" number="745"/>
						<line hits="0" number="746"/>
						<line hits="0" number="747"/>
						<line hits="0" number="748"/>
						<line hits="0" number="750"/>
						<line hits="0" number="752"/>
						<line hits="0" number="754"/>
						<line branch="true" condition-coverage="0% (0/2)" hits="0" missing-branches="757,759" number="756"/>
						<line hits="0" number="757"/>
						<line branch="true" condition-coverage="0% (0/2)" hits="0" missing-branches="760,765" number="759"/>
						<line hits="0" number="760"/>
						<line hits="0" number="761"/>
						<line hits="0" number="762"/>
						<line hits="0" number="763"/>
						<line hits="0" number="765"/>
						<line hits="0" number="766"/>
						<line hits="0" number="767"/>
						<line branch="true" condition-coverage="0% (0/2)" hits="0" missing-branches="769,771" number="768"/>
						<line hits="0" number="769"/>
						<line hits="0" number="771"/>
						<line hits="1" number="773"/>
						<line hits="0" number="774"/>
						<line branch="true" condition-coverage="0% (0/2)" hits="0" missing-branches="776,777" number="775"/>
						<line hits="0" number="776"/>
						<line hits="0" number="777"/>
						<line hits="1" number="780"/>
						<line hits="1" number="781"/>
						<line hits="0" number="782"/>
					</lines>
				</class>
				<class branch-rate="0.5758" complexity="0" filename="Shared/DC/ZRDB/RDB.py" line-rate="0.7815" name="RDB.py">
					<methods/>
					<lines>
						<line hits="1" number="13"/>
						<line hits="1" number="15"/>
						<line hits="1" number="16"/>
						<line hits="1" number="18"/>
						<line hits="1" number="20"/>
						<line hits="1" number="21"/>
						<line hits="1" number="22"/>
						<line hits="1" number="23"/>
						<line hits="1" number="24"/>
						<line hits="1" number="27"/>
						<line branch="true" condition-coverage="0% (0/2)" hits="0" missing-branches="29,30" number="28"/>
						<line hits="0" number="29"/>
						<line hits="0" number="30"/>
						<line branch="true" condition-coverage="0% (0/2)" hits="0" missing-branches="32,34" number="31"/>
						<line hits="0" number="32"/>
						<line hits="0" number="33"/>
						<line hits="0" number="34"/>
						<line branch="true" condition-coverage="50% (1/2)" hits="1" missing-branches="40" number="37"/>
						<line hits="1" number="38"/>
						<line hits="1" number="40"/>
						<line hits="1" number="47"/>
						<line hits="1" number="49"/>
						<line hits="1" number="50"/>
						<line hits="1" number="52"/>
						<line hits="1" number="53"/>
						<line hits="1" number="56"/>
						<line hits="1" number="57"/>
						<line hits="1" number="60"/>
						<line hits="1" number="63"/>
						<line hits="1" number="67"/>
						<line hits="1" number="69"/>
						<line hits="1" number="71"/>
						<line hits="1" number="72"/>
						<line hits="1" number="73"/>
						<line hits="1" number="74"/>
						<line branch="true" condition-coverage="50% (1/2)" hits="1" missing-branches="77" number="76"/>
						<line hits="0" number="77"/>
						<line hits="1" number="79"/>
						<line branch="true" condition-coverage="50% (1/2)" hits="1" missing-branches="81" number="80"/>
						<line hits="0" number="81"/>
						<line branch="true" condition-coverage="100% (2/2)" hits="1" number="82"/>
						<line branch="true" condition-coverage="50% (1/2)" hits="1" missing-branches="84" number="83"/>
						<line hits="0" number="84"/>
						<line hits="1" number="86"/>
						<line hits="1" number="87"/>
						<line hits="1" number="88"/>
						<line branch="true" condition-coverage="100% (2/2)" hits="1" number="89"/>
						<line branch="true" condition-coverage="50% (1/2)" hits="1" missing-branches="91" number="90"/>
						<line hits="0" number="91"/>
						<line branch="true" condition-coverage="50% (1/2)" hits="1" missing-branches="94" number="93"/>
						<line hits="0" number="94"/>
						<line hits="1" number="96"/>
						<line hits="1" number="97"/>
						<line hits="1" number="99"/>
						<line branch="true" condition-coverage="50% (1/2)" hits="1" missing-branches="101" number="100"/>
						<line hits="0" number="101"/>
						<line hits="1" number="103"/>
						<line branch="true" condition-coverage="50% (1/2)" hits="1" missing-branches="89" number="104"/>
						<line hits="1" number="105"/>
						<line hits="1" number="107"/>
						<line hits="1" number="108"/>
						<line hits="1" number="109"/>
						<line branch="true" condition-coverage="50% (1/2)" hits="1" missing-branches="111" number="110"/>
						<line hits="0" number="111"/>
						<line branch="true" condition-coverage="100% (2/2)" hits="1" number="113"/>
						<line branch="true" condition-coverage="50% (1/2)" hits="1" missing-branches="116" number="115"/>
						<line hits="0" number="116"/>
						<line branch="true" condition-coverage="50% (1/2)" hits="1" missing-branches="119" number="118"/>
						<line hits="0" number="119"/>
						<line hits="1" number="123"/>
						<line hits="1" number="124"/>
						<line hits="1" number="125"/>
						<line hits="1" number="126"/>
						<line hits="1" number="127"/>
						<line branch="true" condition-coverage="100% (2/2)" hits="1" number="129"/>
						<line branch="true" condition-coverage="50% (1/2)" hits="1" missing-branches="131" number="130"/>
						<line hits="0" number="131"/>
						<line hits="1" number="133"/>
						<line branch="true" condition-coverage="50% (1/2)" hits="1" missing-branches="135" number="134"/>
						<line hits="0" number="135"/>
						<line hits="0" number="137"/>
						<line hits="1" number="139"/>
						<line hits="1" number="140"/>
						<line branch="true" condition-coverage="50% (1/2)" hits="1" missing-branches="145" number="142"/>
						<line hits="1" number="143"/>
						<line hits="0" number="145"/>
						<line hits="1" number="147"/>
						<line hits="1" number="149"/>
						<line hits="1" number="150"/>
						<line hits="1" number="151"/>
						<line hits="1" number="152"/>
						<line hits="1" number="154"/>
						<line hits="1" number="155"/>
						<line hits="1" number="158"/>
						<line hits="1" number="160"/>
						<line branch="true" condition-coverage="100% (2/2)" hits="1" number="163"/>
						<line branch="true" condition-coverage="50% (1/2)" hits="1" missing-branches="163" number="164"/>
						<line hits="1" number="165"/>
						<line hits="1" number="167"/>
						<line branch="true" condition-coverage="100% (2/2)" hits="1" number="170"/>
						<line branch="true" condition-coverage="50% (1/2)" hits="1" missing-branches="170" number="171"/>
						<line hits="1" number="172"/>
						<line hits="1" number="174"/>
						<line hits="1" number="178"/>
						<line hits="1" number="179"/>
						<line hits="1" number="180"/>
						<line hits="1" number="181"/>
						<line branch="true" condition-coverage="100% (2/2)" hits="1" number="182"/>
						<line hits="1" number="183"/>
						<line hits="1" number="184"/>
						<line hits="1" number="185"/>
						<line hits="1" number="187"/>
						<line hits="0" number="188"/>
						<line hits="1" number="190"/>
						<line hits="0" number="191"/>
						<line hits="1" number="193"/>
						<line hits="0" number="194"/>
						<line hits="1" number="196"/>
						<line hits="1" number="197"/>
						<line hits="1" number="199"/>
						<line branch="true" condition-coverage="50% (1/2)" hits="1" missing-branches="201" number="200"/>
						<line hits="0" number="201"/>
						<line hits="1" number="202"/>
						<line hits="1" number="203"/>
						<line hits="1" number="204"/>
						<line hits="1" number="205"/>
						<line branch="true" condition-coverage="50% (1/2)" hits="1" missing-branches="207" number="206"/>
						<line hits="0" number="207"/>
						<line branch="true" condition-coverage="100% (2/2)" hits="1" number="208"/>
						<line hits="1" number="209"/>
						<line hits="1" number="210"/>
						<line branch="true" condition-coverage="50% (1/2)" hits="1" missing-branches="212" number="211"/>
						<line branch="true" condition-coverage="0% (0/2)" hits="0" missing-branches="213,215" number="212"/>
						<line hits="0" number="213"/>
						<line hits="0" number="215"/>
						<line branch="true" condition-coverage="100% (2/2)" hits="1" number="220"/>
						<line hits="1" number="221"/>
						<line hits="1" number="222"/>
						<line hits="0" number="223"/>
						<line branch="true" condition-coverage="0% (0/2)" hits="0" missing-branches="225,229" number="224"/>
						<line hits="0" number="225"/>
						<line hits="0" number="229"/>
						<line hits="1" number="230"/>
						<line hits="1" number="232"/>
						<line hits="1" number="233"/>
						<line hits="1" number="234"/>
						<line hits="1" number="235"/>
						<line branch="true" condition-coverage="50% (1/2)" hits="1" missing-branches="237" number="236"/>
						<line hits="0" number="237"/>
						<line hits="1" number="238"/>
						<line hits="1" number="241"/>
					</lines>
				</class>
				<class branch-rate="0.75" complexity="0" filename="Shared/DC/ZRDB/Results.py" line-rate="0.9358" name="Results.py">
					<methods/>
					<lines>
						<line hits="1" number="13"/>
						<line hits="1" number="14"/>
						<line hits="1" number="15"/>
						<line hits="1" number="18"/>
						<line hits="1" number="20"/>
						<line hits="1" number="21"/>
						<line hits="1" number="23"/>
						<line hits="1" number="24"/>
						<line hits="1" number="27"/>
						<line hits="1" number="28"/>
						<line hits="1" number="31"/>
						<line hits="1" number="34"/>
						<line hits="1" number="38"/>
						<line hits="1" number="40"/>
						<line hits="1" number="43"/>
						<line hits="1" number="44"/>
						<line hits="1" number="45"/>
						<line hits="1" number="46"/>
						<line hits="1" number="47"/>
						<line hits="1" number="48"/>
						<line hits="1" number="49"/>
						<line hits="1" number="51"/>
						<line hits="1" number="52"/>
						<line branch="true" condition-coverage="100% (2/2)" hits="1" number="54"/>
						<line hits="1" number="56"/>
						<line branch="true" condition-coverage="50% (1/2)" hits="1" missing-branches="59" number="58"/>
						<line hits="0" number="59"/>
						<line branch="true" condition-coverage="50% (1/2)" hits="1" missing-branches="62" number="61"/>
						<line hits="0" number="62"/>
						<line hits="1" number="64"/>
						<line hits="1" number="65"/>
						<line hits="1" number="67"/>
						<line branch="true" condition-coverage="50% (1/2)" hits="1" missing-branches="69" number="68"/>
						<line hits="0" number="69"/>
						<line hits="1" number="71"/>
						<line branch="true" condition-coverage="50% (1/2)" hits="1" missing-branches="75" number="72"/>
						<line hits="1" number="73"/>
						<line hits="1" number="75"/>
						<line hits="1" number="76"/>
						<line hits="1" number="78"/>
						<line hits="1" number="81"/>
						<line hits="1" number="83"/>
						<line branch="true" condition-coverage="100% (2/2)" hits="1" number="86"/>
						<line branch="true" condition-coverage="50% (1/2)" hits="1" missing-branches="86" number="87"/>
						<line hits="1" number="88"/>
						<line hits="1" number="90"/>
						<line branch="true" condition-coverage="100% (2/2)" hits="1" number="93"/>
						<line branch="true" condition-coverage="50% (1/2)" hits="1" missing-branches="93" number="94"/>
						<line hits="1" number="95"/>
						<line hits="1" number="97"/>
						<line hits="1" number="101"/>
						<line hits="1" number="102"/>
						<line hits="1" number="104"/>
						<line hits="1" number="105"/>
						<line hits="1" number="107"/>
						<line hits="1" number="108"/>
						<line hits="1" number="110"/>
						<line hits="1" number="111"/>
						<line hits="1" number="113"/>
						<line branch="true" condition-coverage="50% (1/2)" hits="1" missing-branches="115" number="114"/>
						<line hits="0" number="115"/>
						<line hits="1" number="116"/>
						<line hits="1" number="117"/>
						<line branch="true" condition-coverage="100% (2/2)" hits="1" number="118"/>
						<line hits="1" number="119"/>
						<line hits="1" number="120"/>
						<line hits="1" number="121"/>
						<line hits="1" number="122"/>
						<line hits="1" number="124"/>
						<line hits="1" number="125"/>
						<line hits="1" number="127"/>
						<line branch="true" condition-coverage="100% (2/2)" hits="1" number="128"/>
						<line hits="1" number="130"/>
						<line hits="1" number="131"/>
						<line hits="1" number="132"/>
						<line hits="1" number="133"/>
						<line hits="1" number="134"/>
						<line hits="1" number="135"/>
						<line hits="1" number="136"/>
						<line branch="true" condition-coverage="100% (2/2)" hits="1" number="138"/>
						<line hits="1" number="139"/>
						<line hits="1" number="140"/>
						<line branch="true" condition-coverage="100% (2/2)" hits="1" number="141"/>
						<line hits="1" number="142"/>
						<line hits="1" number="143"/>
						<line hits="1" number="145"/>
						<line branch="true" condition-coverage="100% (2/2)" hits="1" number="146"/>
						<line hits="1" number="147"/>
						<line hits="1" number="149"/>
						<line hits="1" number="151"/>
						<line hits="1" number="152"/>
						<line hits="1" number="153"/>
						<line hits="1" number="154"/>
						<line branch="true" condition-coverage="100% (2/2)" hits="1" number="155"/>
						<line branch="true" condition-coverage="100% (2/2)" hits="1" number="156"/>
						<line hits="1" number="157"/>
						<line branch="true" condition-coverage="50% (1/2)" hits="1" missing-branches="165" number="158"/>
						<line branch="true" condition-coverage="50% (1/2)" hits="1" missing-branches="160" number="159"/>
						<line hits="0" number="160"/>
						<line branch="true" condition-coverage="50% (1/2)" hits="1" missing-branches="162" number="161"/>
						<line hits="0" number="162"/>
						<line branch="true" condition-coverage="50% (1/2)" hits="1" missing-branches="164" number="163"/>
						<line hits="0" number="164"/>
						<line hits="1" number="165"/>
						<line branch="true" condition-coverage="100% (2/2)" hits="1" number="166"/>
						<line hits="1" number="167"/>
						<line hits="1" number="168"/>
						<line hits="1" number="169"/>
						<line hits="1" number="171"/>
					</lines>
				</class>
				<class branch-rate="0" complexity="0" filename="Shared/DC/ZRDB/Search.py" line-rate="0.1429" name="Search.py">
					<methods/>
					<lines>
						<line hits="1" number="13"/>
						<line hits="1" number="15"/>
						<line hits="1" number="16"/>
						<line hits="0" number="17"/>
						<line hits="0" number="18"/>
						<line hits="1" number="20"/>
						<line hits="1" number="21"/>
						<line hits="1" number="22"/>
						<line hits="1" number="24"/>
						<line hits="1" number="25"/>
						<line hits="1" number="26"/>
						<line hits="1" number="27"/>
						<line hits="1" number="30"/>
						<line hits="1" number="33"/>
						<line branch="true" condition-coverage="0% (0/2)" hits="0" missing-branches="39,41" number="38"/>
						<line hits="0" number="39"/>
						<line branch="true" condition-coverage="0% (0/2)" hits="0" missing-branches="42,44" number="41"/>
						<line hits="0" number="42"/>
						<line branch="true" condition-coverage="0% (0/2)" hits="0" missing-branches="45,47" number="44"/>
						<line hits="0" number="45"/>
						<line branch="true" condition-coverage="0% (0/2)" hits="0" missing-branches="exit,48" number="47"/>
						<line hits="0" number="48"/>
						<line hits="0" number="49"/>
						<line hits="0" number="51"/>
						<line branch="true" condition-coverage="0% (0/2)" hits="0" missing-branches="54,73" number="53"/>
						<line hits="0" number="54"/>
						<line branch="true" condition-coverage="0% (0/2)" hits="0" missing-branches="56,63" number="55"/>
						<line branch="true" condition-coverage="0% (0/2)" hits="0" missing-branches="57,63" number="56"/>
						<line branch="true" condition-coverage="0% (0/2)" hits="0" missing-branches="58,60" number="57"/>
						<line hits="0" number="58"/>
						<line hits="0" number="60"/>
						<line hits="0" number="61"/>
						<line hits="0" number="62"/>
						<line branch="true" condition-coverage="0% (0/2)" hits="0" missing-branches="53,64" number="63"/>
						<line hits="0" number="64"/>
						<line branch="true" condition-coverage="0% (0/2)" hits="0" missing-branches="75,97" number="73"/>
						<line branch="true" condition-coverage="0% (0/2)" hits="0" missing-branches="76,78" number="75"/>
						<line hits="0" number="76"/>
						<line branch="true" condition-coverage="0% (0/2)" hits="0" missing-branches="79,84" number="78"/>
						<line hits="0" number="79"/>
						<line hits="0" number="80"/>
						<line hits="0" number="84"/>
						<line hits="0" number="85"/>
						<line hits="0" number="87"/>
						<line branch="true" condition-coverage="0% (0/2)" hits="0" missing-branches="exit,95" number="94"/>
						<line hits="0" number="95"/>
						<line branch="true" condition-coverage="0% (0/2)" hits="0" missing-branches="exit,99" number="97"/>
						<line branch="true" condition-coverage="0% (0/2)" hits="0" missing-branches="100,102" number="99"/>
						<line hits="0" number="100"/>
						<line branch="true" condition-coverage="0% (0/2)" hits="0" missing-branches="103,108" number="102"/>
						<line hits="0" number="103"/>
						<line hits="0" number="104"/>
						<line hits="0" number="108"/>
						<line hits="0" number="109"/>
						<line hits="0" number="111"/>
						<line branch="true" condition-coverage="0% (0/2)" hits="0" missing-branches="exit,118" number="117"/>
						<line hits="0" number="118"/>
						<line hits="1" number="121"/>
						<line hits="0" number="123"/>
						<line hits="0" number="124"/>
						<line hits="0" number="125"/>
						<line hits="0" number="126"/>
						<line hits="0" number="127"/>
						<line hits="0" number="128"/>
						<line hits="0" number="131"/>
						<line hits="0" number="132"/>
						<line hits="0" number="133"/>
						<line hits="0" number="134"/>
						<line branch="true" condition-coverage="0% (0/2)" hits="0" missing-branches="137,147" number="136"/>
						<line hits="0" number="137"/>
						<line hits="0" number="138"/>
						<line branch="true" condition-coverage="0% (0/2)" hits="0" missing-branches="136,141" number="139"/>
						<line hits="0" number="141"/>
						<line hits="0" number="142"/>
						<line hits="0" number="143"/>
						<line hits="0" number="144"/>
						<line hits="0" number="147"/>
						<line hits="0" number="148"/>
						<line hits="0" number="149"/>
						<line hits="0" number="150"/>
						<line branch="true" condition-coverage="0% (0/2)" hits="0" missing-branches="153,155" number="152"/>
						<line hits="0" number="153"/>
						<line hits="0" number="155"/>
						<line hits="1" number="158"/>
						<line hits="0" number="160"/>
						<line hits="0" number="161"/>
						<line hits="0" number="162"/>
						<line hits="0" number="163"/>
						<line hits="0" number="164"/>
						<line hits="0" number="165"/>
						<line branch="true" condition-coverage="0% (0/2)" hits="0" missing-branches="167,174" number="166"/>
						<line hits="0" number="167"/>
						<line hits="0" number="168"/>
						<line hits="0" number="169"/>
						<line hits="0" number="170"/>
						<line hits="0" number="171"/>
						<line hits="0" number="172"/>
						<line hits="0" number="173"/>
						<line branch="true" condition-coverage="0% (0/2)" hits="0" missing-branches="175,176" number="174"/>
						<line hits="0" number="175"/>
						<line hits="0" number="176"/>
						<line hits="0" number="177"/>
						<line hits="1" number="180"/>
						<line branch="true" condition-coverage="0% (0/2)" hits="0" missing-branches="183,210" number="182"/>
						<line hits="0" number="183"/>
						<line branch="true" condition-coverage="0% (0/2)" hits="0" missing-branches="exit,exit" number="184"/>
						<line hits="0" number="210"/>
						<line hits="1" number="221"/>
						<line branch="true" condition-coverage="0% (0/2)" hits="0" missing-branches="223,249" number="222"/>
						<line hits="0" number="223"/>
						<line branch="true" condition-coverage="0% (0/2)" hits="0" missing-branches="exit,exit" number="224"/>
						<line hits="0" number="249"/>
					</lines>
				</class>
				<class branch-rate="0" complexity="0" filename="Shared/DC/ZRDB/THUNK.py" line-rate="0" name="THUNK.py">
					<methods/>
					<lines>
						<line hits="0" number="14"/>
						<line hits="0" number="16"/>
						<line hits="0" number="18"/>
						<line hits="0" number="19"/>
						<line hits="0" number="22"/>
						<line hits="0" number="25"/>
						<line hits="0" number="29"/>
						<line branch="true" condition-coverage="0% (0/2)" hits="0" missing-branches="exit,31" number="30"/>
						<line hits="0" number="31"/>
						<line hits="0" number="32"/>
						<line hits="0" number="33"/>
						<line hits="0" number="34"/>
						<line hits="0" number="35"/>
						<line hits="0" number="36"/>
						<line hits="0" number="37"/>
						<line hits="0" number="39"/>
						<line hits="0" number="41"/>
						<line branch="true" condition-coverage="0% (0/2)" hits="0" missing-branches="exit,43" number="42"/>
						<line hits="0" number="43"/>
						<line hits="0" number="44"/>
						<line hits="0" number="46"/>
						<line hits="0" number="47"/>
						<line hits="0" number="49"/>
						<line branch="true" condition-coverage="0% (0/2)" hits="0" missing-branches="exit,51" number="50"/>
						<line hits="0" number="51"/>
						<line hits="0" number="52"/>
						<line hits="0" number="54"/>
						<line hits="0" number="55"/>
					</lines>
				</class>
				<class branch-rate="0" complexity="0" filename="Shared/DC/ZRDB/TM.py" line-rate="0.4773" name="TM.py">
					<methods/>
					<lines>
						<line hits="1" number="13"/>
						<line hits="1" number="16"/>
						<line hits="1" number="19"/>
						<line hits="1" number="33"/>
						<line hits="1" number="35"/>
						<line hits="0" number="36"/>
						<line hits="1" number="38"/>
						<line branch="true" condition-coverage="0% (0/2)" hits="0" missing-branches="exit,40" number="39"/>
						<line hits="0" number="40"/>
						<line hits="0" number="41"/>
						<line hits="0" number="42"/>
						<line hits="0" number="43"/>
						<line hits="0" number="44"/>
						<line hits="0" number="45"/>
						<line hits="0" number="46"/>
						<line hits="1" number="48"/>
						<line hits="0" number="49"/>
						<line hits="1" number="51"/>
						<line hits="1" number="53"/>
						<line hits="0" number="54"/>
						<line hits="1" number="56"/>
						<line hits="0" number="57"/>
						<line hits="1" number="59"/>
						<line hits="0" number="60"/>
						<line hits="1" number="62"/>
						<line branch="true" condition-coverage="0% (0/2)" hits="0" missing-branches="exit,65" number="64"/>
						<line hits="0" number="65"/>
						<line hits="0" number="66"/>
						<line hits="0" number="68"/>
						<line hits="1" number="70"/>
						<line hits="0" number="71"/>
						<line hits="0" number="72"/>
						<line hits="0" number="74"/>
						<line hits="1" number="76"/>
						<line hits="1" number="80"/>
						<line hits="1" number="82"/>
						<line hits="1" number="86"/>
						<line hits="1" number="88"/>
						<line hits="1" number="89"/>
						<line hits="1" number="92"/>
						<line hits="1" number="94"/>
						<line hits="0" number="95"/>
						<line hits="0" number="96"/>
						<line hits="0" number="97"/>
					</lines>
				</class>
				<class branch-rate="1" complexity="0" filename="Shared/DC/ZRDB/__init__.py" line-rate="1" name="__init__.py">
					<methods/>
					<lines/>
				</class>
				<class branch-rate="0" complexity="0" filename="Shared/DC/ZRDB/dbi_db.py" line-rate="0" name="dbi_db.py">
					<methods/>
					<lines>
						<line hits="0" number="14"/>
						<line hits="0" number="16"/>
						<line hits="0" number="19"/>
						<line hits="0" number="20"/>
						<line hits="0" number="22"/>
						<line hits="0" number="27"/>
						<line hits="0" number="28"/>
						<line hits="0" number="31"/>
						<line hits="0" number="33"/>
						<line hits="0" number="35"/>
						<line hits="0" number="37"/>
						<line hits="0" number="39"/>
						<line hits="0" number="40"/>
						<line hits="0" number="42"/>
						<line hits="0" number="44"/>
						<line hits="0" number="45"/>
						<line hits="0" number="46"/>
						<line hits="0" number="47"/>
						<line hits="0" number="49"/>
						<line branch="true" condition-coverage="0% (0/2)" hits="0" missing-branches="51,52" number="50"/>
						<line hits="0" number="51"/>
						<line hits="0" number="52"/>
						<line branch="true" condition-coverage="0% (0/2)" hits="0" missing-branches="54,55" number="53"/>
						<line hits="0" number="54"/>
						<line hits="0" number="55"/>
						<line hits="0" number="57"/>
						<line hits="0" number="58"/>
						<line hits="0" number="59"/>
						<line hits="0" number="61"/>
						<line hits="0" number="62"/>
						<line hits="0" number="63"/>
						<line hits="0" number="65"/>
						<line branch="true" condition-coverage="0% (0/2)" hits="0" missing-branches="67,68" number="66"/>
						<line hits="0" number="67"/>
						<line hits="0" number="68"/>
						<line hits="0" number="69"/>
						<line hits="0" number="71"/>
						<line hits="0" number="73"/>
						<line hits="0" number="74"/>
						<line hits="0" number="75"/>
						<line hits="0" number="76"/>
						<line branch="true" condition-coverage="0% (0/2)" hits="0" missing-branches="exit,79" number="77"/>
						<line branch="true" condition-coverage="0% (0/2)" hits="0" missing-branches="80,81" number="79"/>
						<line hits="0" number="80"/>
						<line branch="true" condition-coverage="0% (0/2)" hits="0" missing-branches="82,91" number="81"/>
						<line hits="0" number="82"/>
						<line branch="true" condition-coverage="0% (0/2)" hits="0" missing-branches="84,89" number="83"/>
						<line hits="0" number="84"/>
						<line branch="true" condition-coverage="0% (0/2)" hits="0" missing-branches="86,88" number="85"/>
						<line hits="0" number="86"/>
						<line hits="0" number="87"/>
						<line hits="0" number="88"/>
						<line hits="0" number="89"/>
						<line hits="0" number="91"/>
						<line hits="0" number="92"/>
						<line branch="true" condition-coverage="0% (0/2)" hits="0" missing-branches="94,97" number="93"/>
						<line hits="0" number="94"/>
						<line hits="0" number="95"/>
						<line hits="0" number="97"/>
						<line hits="0" number="98"/>
						<line hits="0" number="99"/>
						<line hits="0" number="100"/>
						<line hits="0" number="101"/>
						<line hits="0" number="102"/>
						<line hits="0" number="103"/>
						<line hits="0" number="104"/>
						<line branch="true" condition-coverage="0% (0/2)" hits="0" missing-branches="110,120" number="105"/>
						<line hits="0" number="110"/>
						<line hits="0" number="111"/>
						<line hits="0" number="112"/>
						<line hits="0" number="113"/>
						<line hits="0" number="114"/>
						<line hits="0" number="115"/>
						<line hits="0" number="116"/>
						<line hits="0" number="117"/>
						<line hits="0" number="118"/>
						<line hits="0" number="120"/>
						<line branch="true" condition-coverage="0% (0/2)" hits="0" missing-branches="123,127" number="122"/>
						<line branch="true" condition-coverage="0% (0/2)" hits="0" missing-branches="exit,129" number="123"/>
						<line hits="0" number="127"/>
						<line branch="true" condition-coverage="0% (0/3)" hits="0" missing-branches="exit,exit,exit" number="129"/>
					</lines>
				</class>
				<class branch-rate="1" complexity="0" filename="Shared/DC/ZRDB/sqlgroup.py" line-rate="1" name="sqlgroup.py">
					<methods/>
					<lines>
						<line hits="1" number="14"/>
						<line hits="1" number="64"/>
						<line hits="1" number="67"/>
						<line hits="1" number="70"/>
						<line hits="1" number="71"/>
						<line hits="1" number="72"/>
						<line hits="1" number="73"/>
						<line hits="1" number="74"/>
						<line hits="1" number="75"/>
						<line hits="1" number="76"/>
						<line hits="1" number="78"/>
						<line hits="1" number="80"/>
						<line hits="1" number="81"/>
						<line hits="1" number="82"/>
						<line hits="1" number="83"/>
						<line branch="true" condition-coverage="100% (2/2)" hits="1" number="84"/>
						<line hits="1" number="85"/>
						<line branch="true" condition-coverage="100% (2/2)" hits="1" number="86"/>
						<line hits="1" number="87"/>
						<line branch="true" condition-coverage="100% (2/2)" hits="1" number="88"/>
						<line hits="1" number="89"/>
						<line branch="true" condition-coverage="100% (2/2)" hits="1" number="90"/>
						<line hits="1" number="91"/>
						<line branch="true" condition-coverage="100% (2/2)" hits="1" number="92"/>
						<line hits="1" number="93"/>
						<line hits="1" number="95"/>
						<line hits="1" number="97"/>
						<line branch="true" condition-coverage="100% (2/2)" hits="1" number="98"/>
						<line hits="1" number="99"/>
						<line hits="1" number="100"/>
						<line branch="true" condition-coverage="100% (2/2)" hits="1" number="101"/>
						<line branch="true" condition-coverage="100% (2/2)" hits="1" number="102"/>
						<line hits="1" number="103"/>
						<line branch="true" condition-coverage="100% (2/2)" hits="1" number="104"/>
						<line hits="1" number="105"/>
						<line hits="1" number="107"/>
						<line branch="true" condition-coverage="100% (2/2)" hits="1" number="108"/>
						<line branch="true" condition-coverage="100% (2/2)" hits="1" number="109"/>
						<line branch="true" condition-coverage="100% (2/2)" hits="1" number="110"/>
						<line hits="1" number="111"/>
						<line hits="1" number="113"/>
						<line hits="1" number="115"/>
						<line branch="true" condition-coverage="100% (2/2)" hits="1" number="116"/>
						<line hits="1" number="117"/>
						<line branch="true" condition-coverage="100% (2/2)" hits="1" number="118"/>
						<line hits="1" number="119"/>
						<line hits="1" number="120"/>
						<line branch="true" condition-coverage="100% (2/2)" hits="1" number="122"/>
						<line hits="1" number="123"/>
						<line hits="1" number="125"/>
						<line hits="1" number="127"/>
					</lines>
				</class>
				<class branch-rate="0.3889" complexity="0" filename="Shared/DC/ZRDB/sqltest.py" line-rate="0.54" name="sqltest.py">
					<methods/>
					<lines>
						<line hits="1" number="13"/>
						<line hits="1" number="59"/>
						<line hits="1" number="61"/>
						<line hits="1" number="62"/>
						<line hits="1" number="63"/>
						<line hits="1" number="66"/>
						<line hits="1" number="67"/>
						<line hits="1" number="68"/>
						<line hits="1" number="70"/>
						<line hits="1" number="71"/>
						<line hits="1" number="73"/>
						<line branch="true" condition-coverage="50% (1/2)" hits="1" missing-branches="78" number="75"/>
						<line hits="1" number="76"/>
						<line hits="0" number="78"/>
						<line hits="1" number="79"/>
						<line hits="1" number="81"/>
						<line branch="true" condition-coverage="50% (1/2)" hits="1" missing-branches="83" number="82"/>
						<line hits="0" number="83"/>
						<line hits="1" number="85"/>
						<line branch="true" condition-coverage="50% (1/2)" hits="1" missing-branches="87" number="86"/>
						<line hits="0" number="87"/>
						<line branch="true" condition-coverage="50% (1/2)" hits="1" missing-branches="91" number="89"/>
						<line hits="1" number="90"/>
						<line branch="true" condition-coverage="100% (2/2)" hits="1" number="91"/>
						<line hits="1" number="92"/>
						<line branch="true" condition-coverage="100% (2/2)" hits="1" number="93"/>
						<line hits="1" number="94"/>
						<line branch="true" condition-coverage="50% (1/2)" hits="1" missing-branches="96" number="95"/>
						<line hits="0" number="96"/>
						<line hits="0" number="97"/>
						<line hits="1" number="99"/>
						<line hits="1" number="102"/>
						<line branch="true" condition-coverage="50% (1/2)" hits="1" missing-branches="104" number="103"/>
						<line hits="0" number="104"/>
						<line hits="0" number="106"/>
						<line hits="1" number="107"/>
						<line hits="1" number="109"/>
						<line hits="1" number="110"/>
						<line hits="1" number="112"/>
						<line hits="1" number="113"/>
						<line hits="1" number="114"/>
						<line hits="1" number="115"/>
						<line branch="true" condition-coverage="50% (1/2)" hits="1" missing-branches="119" number="116"/>
						<line hits="1" number="117"/>
						<line hits="0" number="119"/>
						<line hits="0" number="120"/>
						<line branch="true" condition-coverage="0% (0/2)" hits="0" missing-branches="122,123" number="121"/>
						<line hits="0" number="122"/>
						<line hits="0" number="123"/>
						<line branch="true" condition-coverage="50% (1/2)" hits="1" missing-branches="126" number="125"/>
						<line branch="true" condition-coverage="0% (0/2)" hits="0" missing-branches="127,132" number="126"/>
						<line hits="0" number="127"/>
						<line hits="0" number="128"/>
						<line hits="1" number="130"/>
						<line hits="1" number="132"/>
						<line branch="true" condition-coverage="100% (2/2)" hits="1" number="133"/>
						<line branch="true" condition-coverage="50% (1/2)" hits="1" missing-branches="135" number="134"/>
						<line hits="0" number="135"/>
						<line branch="true" condition-coverage="50% (1/2)" hits="1" missing-branches="137" number="136"/>
						<line hits="0" number="137"/>
						<line branch="true" condition-coverage="0% (0/2)" hits="0" missing-branches="139,143" number="138"/>
						<line branch="true" condition-coverage="0% (0/2)" hits="0" missing-branches="140,141" number="139"/>
						<line hits="0" number="140"/>
						<line hits="0" number="141"/>
						<line hits="0" number="143"/>
						<line hits="0" number="144"/>
						<line hits="0" number="145"/>
						<line hits="0" number="146"/>
						<line branch="true" condition-coverage="50% (1/2)" hits="1" missing-branches="148" number="147"/>
						<line branch="true" condition-coverage="0% (0/2)" hits="0" missing-branches="149,150" number="148"/>
						<line hits="0" number="149"/>
						<line hits="0" number="150"/>
						<line branch="true" condition-coverage="0% (0/2)" hits="0" missing-branches="152,154" number="151"/>
						<line hits="0" number="152"/>
						<line hits="0" number="154"/>
						<line hits="0" number="155"/>
						<line hits="0" number="156"/>
						<line hits="0" number="157"/>
						<line branch="true" condition-coverage="50% (1/2)" hits="1" missing-branches="161" number="160"/>
						<line hits="0" number="161"/>
						<line hits="1" number="162"/>
						<line hits="1" number="165"/>
						<line branch="true" condition-coverage="50% (1/2)" hits="1" missing-branches="168" number="167"/>
						<line branch="true" condition-coverage="0% (0/2)" hits="0" missing-branches="169,171" number="168"/>
						<line hits="0" number="169"/>
						<line hits="0" number="171"/>
						<line hits="0" number="172"/>
						<line branch="true" condition-coverage="50% (1/2)" hits="1" missing-branches="175" number="174"/>
						<line branch="true" condition-coverage="0% (0/2)" hits="0" missing-branches="176,177" number="175"/>
						<line hits="0" number="176"/>
						<line hits="0" number="177"/>
						<line branch="true" condition-coverage="50% (1/2)" hits="1" missing-branches="180" number="179"/>
						<line hits="0" number="180"/>
						<line branch="true" condition-coverage="0% (0/2)" hits="0" missing-branches="184,187" number="181"/>
						<line hits="0" number="184"/>
						<line hits="0" number="187"/>
						<line hits="1" number="188"/>
						<line hits="1" number="190"/>
						<line hits="1" number="193"/>
						<line hits="1" number="195"/>
					</lines>
				</class>
				<class branch-rate="0.9722" complexity="0" filename="Shared/DC/ZRDB/sqlvar.py" line-rate="0.9863" name="sqlvar.py">
					<methods/>
					<lines>
						<line hits="1" number="13"/>
						<line hits="1" number="51"/>
						<line hits="1" number="53"/>
						<line hits="1" number="54"/>
						<line hits="1" number="55"/>
						<line hits="1" number="58"/>
						<line hits="1" number="61"/>
						<line hits="1" number="62"/>
						<line hits="1" number="64"/>
[...]
						<line branch="true" condition-coverage="50% (1/2)" hits="1" missing-branches="98" number="97"/>
						<line hits="0" number="98"/>
						<line hits="0" number="99"/>
						<line hits="1" number="100"/>
						<line branch="true" condition-coverage="50% (1/2)" hits="1" missing-branches="102" number="101"/>
						<line hits="0" number="102"/>
						<line hits="0" number="103"/>
						<line branch="true" condition-coverage="50% (1/2)" hits="1" missing-branches="105" number="104"/>
						<line hits="0" number="105"/>
						<line hits="1" number="107"/>
						<line hits="1" number="109"/>
						<line hits="1" number="111"/>
						<line hits="1" number="112"/>
						<line hits="1" number="114"/>
						<line hits="1" number="115"/>
						<line hits="1" number="116"/>
						<line hits="1" number="117"/>
						<line hits="1" number="119"/>
						<line hits="1" number="122"/>
						<line branch="true" condition-coverage="100% (2/2)" hits="1" number="123"/>
						<line hits="1" number="124"/>
						<line hits="1" number="125"/>
						<line hits="1" number="129"/>
						<line hits="1" number="133"/>
						<line branch="true" condition-coverage="100% (2/2)" hits="1" number="134"/>
						<line hits="1" number="135"/>
						<line hits="1" number="136"/>
						<line hits="1" number="137"/>
						<line hits="1" number="141"/>
						<line hits="1" number="144"/>
						<line hits="1" number="146"/>
						<line hits="1" number="147"/>
						<line hits="1" number="151"/>
						<line hits="1" number="152"/>
						<line hits="1" number="158"/>
						<line hits="1" number="159"/>
						<line hits="1" number="165"/>
						<line hits="1" number="166"/>
						<line hits="1" number="172"/>
						<line hits="1" number="176"/>
						<line hits="1" number="178"/>
						<line hits="1" number="179"/>
						<line hits="1" number="183"/>
						<line hits="1" number="184"/>
						<line hits="1" number="190"/>
						<line hits="1" number="191"/>
						<line hits="1" number="197"/>
						<line hits="1" number="198"/>
						<line hits="1" number="204"/>
						<line hits="1" number="209"/>
						<line hits="1" number="211"/>
						<line hits="1" number="212"/>
						<line hits="1" number="214"/>
						<line hits="1" number="220"/>
						<line hits="1" number="221"/>
						<line hits="1" number="227"/>
						<line hits="1" number="228"/>
						<line hits="1" number="233"/>
						<line hits="1" number="238"/>
						<line hits="1" number="239"/>
						<line hits="1" number="243"/>
						<line hits="1" number="244"/>
						<line hits="1" number="251"/>
						<line hits="1" number="252"/>
						<line hits="1" number="256"/>
						<line hits="1" number="262"/>
						<line hits="1" number="263"/>
						<line hits="1" number="267"/>
						<line hits="1" number="268"/>
						<line hits="1" number="273"/>
						<line hits="1" number="275"/>
						<line hits="1" number="276"/>
						<line hits="1" number="277"/>
						<line hits="1" number="278"/>
						<line hits="1" number="280"/>
						<line hits="1" number="283"/>
						<line hits="1" number="285"/>
						<line hits="1" number="287"/>
						<line hits="1" number="288"/>
						<line hits="1" number="289"/>
						<line hits="1" number="290"/>
						<line hits="1" number="293"/>
						<line hits="1" number="297"/>
						<line hits="1" number="298"/>
						<line hits="1" number="300"/>
						<line hits="1" number="302"/>
						<line hits="1" number="303"/>
						<line hits="1" number="304"/>
						<line hits="1" number="305"/>
						<line hits="1" number="306"/>
						<line hits="1" number="308"/>
						<line hits="1" number="309"/>
						<line hits="1" number="311"/>
						<line hits="1" number="312"/>
						<line hits="1" number="313"/>
						<line hits="1" number="315"/>
						<line hits="1" number="316"/>
						<line hits="1" number="317"/>
						<line hits="1" number="318"/>
						<line hits="1" number="320"/>
						<line hits="1" number="321"/>
						<line hits="1" number="322"/>
						<line hits="1" number="323"/>
						<line hits="1" number="324"/>
						<line hits="1" number="325"/>
						<line hits="1" number="326"/>
						<line hits="1" number="327"/>
						<line hits="1" number="328"/>
						<line hits="1" number="331"/>
						<line hits="1" number="334"/>
						<line hits="1" number="335"/>
						<line hits="1" number="336"/>
						<line hits="1" number="337"/>
						<line hits="1" number="339"/>
						<line hits="1" number="344"/>
						<line hits="1" number="345"/>
						<line hits="1" number="347"/>
						<line hits="1" number="349"/>
						<line hits="1" number="352"/>
						<line hits="1" number="354"/>
						<line hits="1" number="356"/>
						<line hits="1" number="357"/>
						<line hits="1" number="359"/>
						<line hits="1" number="362"/>
						<line hits="1" number="363"/>
						<line hits="1" number="364"/>
						<line hits="1" number="365"/>
						<line hits="1" number="366"/>
						<line hits="1" number="367"/>
					</lines>
				</class>
				<class branch-rate="1" complexity="0" filename="Shared/DC/ZRDB/tests/test_connection.py" line-rate="1" name="test_connection.py">
					<methods/>
					<lines>
						<line hits="1" number="13"/>
						<line hits="1" number="16"/>
						<line hits="1" number="18"/>
						<line hits="1" number="19"/>
						<line hits="1" number="20"/>
						<line hits="1" number="22"/>
						<line hits="1" number="23"/>
						<line hits="1" number="25"/>
						<line hits="1" number="27"/>
						<line hits="1" number="29"/>
						<line hits="1" number="30"/>
						<line hits="1" number="32"/>
						<line hits="1" number="33"/>
						<line hits="1" number="34"/>
						<line hits="1" number="36"/>
						<line hits="1" number="37"/>
						<line hits="1" number="38"/>
						<line hits="1" number="39"/>
						<line hits="1" number="41"/>
						<line hits="1" number="42"/>
						<line hits="1" number="43"/>
						<line hits="1" number="44"/>
						<line hits="1" number="46"/>
						<line hits="1" number="47"/>
						<line hits="1" number="48"/>
						<line hits="1" number="49"/>
						<line hits="1" number="52"/>
						<line hits="1" number="53"/>
						<line hits="1" number="54"/>
						<line hits="1" number="55"/>
						<line hits="1" number="59"/>
						<line hits="1" number="60"/>
						<line hits="1" number="61"/>
						<line hits="1" number="62"/>
					</lines>
				</class>
				<class branch-rate="1" complexity="0" filename="Shared/DC/ZRDB/tests/test_results.py" line-rate="1" name="test_results.py">
					<methods/>
					<lines>
						<line hits="1" number="3"/>
						<line hits="1" number="5"/>
						<line hits="1" number="6"/>
						<line hits="1" number="9"/>
						<line hits="1" number="10"/>
						<line hits="1" number="11"/>
						<line hits="1" number="14"/>
						<line hits="1" number="17"/>
						<line hits="1" number="20"/>
						<line hits="1" number="22"/>
						<line hits="1" number="24"/>
						<line hits="1" number="25"/>
						<line hits="1" number="26"/>
						<line hits="1" number="28"/>
						<line hits="1" number="29"/>
						<line hits="1" number="31"/>
						<line hits="1" number="32"/>
						<line hits="1" number="33"/>
						<line hits="1" number="35"/>
						<line hits="1" number="36"/>
						<line hits="1" number="37"/>
						<line hits="1" number="39"/>
						<line hits="1" number="40"/>
						<line hits="1" number="41"/>
						<line hits="1" number="46"/>
						<line hits="1" number="47"/>
						<line hits="1" number="48"/>
						<line hits="1" number="50"/>
						<line hits="1" number="51"/>
						<line hits="1" number="52"/>
						<line hits="1" number="53"/>
						<line hits="1" number="54"/>
						<line hits="1" number="55"/>
						<line hits="1" number="56"/>
						<line hits="1" number="57"/>
						<line hits="1" number="59"/>
						<line hits="1" number="60"/>
						<line hits="1" number="61"/>
						<line hits="1" number="62"/>
						<line hits="1" number="63"/>
						<line hits="1" number="64"/>
						<line hits="1" number="65"/>
						<line hits="1" number="66"/>
						<line hits="1" number="67"/>
						<line hits="1" number="68"/>
						<line hits="1" number="69"/>
						<line hits="1" number="70"/>
						<line hits="1" number="72"/>
						<line hits="1" number="73"/>
						<line hits="1" number="74"/>
						<line hits="1" number="75"/>
						<line hits="1" number="77"/>
						<line hits="1" number="78"/>
						<line hits="1" number="79"/>
						<line hits="1" number="80"/>
						<line hits="1" number="82"/>
						<line hits="1" number="83"/>
						<line hits="1" number="84"/>
						<line hits="1" number="85"/>
						<line hits="1" number="87"/>
						<line hits="1" number="88"/>
						<line hits="1" number="89"/>
						<line hits="1" number="90"/>
						<line hits="1" number="93"/>
						<line hits="1" number="94"/>
						<line hits="1" number="95"/>
						<line hits="1" number="96"/>
						<line hits="1" number="97"/>
						<line hits="1" number="99"/>
						<line hits="1" number="100"/>
						<line hits="1" number="102"/>
						<line hits="1" number="103"/>
						<line hits="1" number="104"/>
						<line hits="1" number="105"/>
						<line hits="1" number="106"/>
						<line hits="1" number="108"/>
						<line hits="1" number="109"/>
						<line hits="1" number="110"/>
						<line hits="1" number="111"/>
						<line hits="1" number="112"/>
						<line hits="1" number="113"/>
						<line hits="1" number="115"/>
						<line hits="1" number="116"/>
						<line hits="1" number="117"/>
						<line hits="1" number="118"/>
						<line hits="1" number="119"/>
						<line hits="1" number="121"/>
						<line hits="1" number="122"/>
						<line hits="1" number="123"/>
						<line hits="1" number="124"/>
						<line hits="1" number="125"/>
						<line hits="1" number="127"/>
						<line hits="1" number="128"/>
						<line hits="1" number="129"/>
						<line hits="1" number="130"/>
						<line hits="1" number="131"/>
						<line hits="1" number="132"/>
						<line hits="1" number="133"/>
						<line hits="1" number="134"/>
						<line hits="1" number="135"/>
						<line hits="1" number="136"/>
						<line hits="1" number="138"/>
						<line hits="1" number="139"/>
						<line hits="1" number="140"/>
						<line hits="1" number="141"/>
						<line hits="1" number="142"/>
						<line hits="1" number="143"/>
						<line hits="1" number="145"/>
						<line hits="1" number="146"/>
						<line hits="1" number="147"/>
						<line hits="1" number="148"/>
						<line hits="1" number="150"/>
						<line hits="1" number="151"/>
						<line hits="1" number="152"/>
						<line hits="1" number="153"/>
						<line hits="1" number="155"/>
						<line hits="1" number="156"/>
						<line hits="1" number="158"/>
						<line hits="1" number="159"/>
						<line hits="1" number="160"/>
						<line hits="1" number="161"/>
						<line hits="1" number="162"/>
						<line hits="1" number="164"/>
						<line hits="1" number="165"/>
						<line hits="1" number="167"/>
						<line hits="1" number="168"/>
						<line hits="1" number="169"/>
						<line hits="1" number="170"/>
						<line hits="1" number="172"/>
						<line hits="1" number="173"/>
						<line hits="1" number="175"/>
						<line hits="1" number="176"/>
						<line hits="1" number="177"/>
						<line hits="1" number="178"/>
						<line hits="1" number="180"/>
						<line hits="1" number="181"/>
						<line hits="1" number="183"/>
						<line hits="1" number="184"/>
						<line hits="1" number="185"/>
						<line hits="1" number="186"/>
						<line hits="1" number="189"/>
						<line hits="1" number="190"/>
						<line hits="1" number="191"/>
						<line hits="1" number="192"/>
					</lines>
				</class>
				<class branch-rate="1" complexity="0" filename="Shared/DC/ZRDB/tests/test_sqlgroup.py" line-rate="1" name="test_sqlgroup.py">
					<methods/>
					<lines>
						<line hits="1" number="13"/>
						<line hits="1" number="16"/>
						<line hits="1" number="17"/>
						<line hits="1" number="20"/>
						<line hits="1" number="22"/>
						<line hits="1" number="23"/>
						<line hits="1" number="24"/>
						<line hits="1" number="26"/>
						<line hits="1" number="27"/>
						<line hits="1" number="29"/>
						<line hits="1" number="30"/>
						<line hits="1" number="31"/>
						<line hits="1" number="32"/>
						<line hits="1" number="33"/>
						<line hits="1" number="34"/>
						<line hits="1" number="35"/>
						<line hits="1" number="37"/>
						<line hits="1" number="38"/>
						<line hits="1" number="39"/>
						<line hits="1" number="40"/>
						<line hits="1" number="41"/>
						<line hits="1" number="42"/>
						<line hits="1" number="43"/>
						<line hits="1" number="45"/>
						<line hits="1" number="46"/>
						<line hits="1" number="47"/>
						<line hits="1" number="48"/>
						<line hits="1" number="49"/>
						<line hits="1" number="50"/>
						<line hits="1" number="51"/>
						<line hits="1" number="53"/>
						<line hits="1" number="54"/>
						<line hits="1" number="55"/>
						<line hits="1" number="56"/>
						<line hits="1" number="57"/>
						<line hits="1" number="58"/>
						<line hits="1" number="59"/>
						<line hits="1" number="61"/>
						<line hits="1" number="62"/>
						<line hits="1" number="63"/>
						<line hits="1" number="64"/>
						<line hits="1" number="65"/>
						<line hits="1" number="66"/>
						<line hits="1" number="67"/>
						<line hits="1" number="69"/>
						<line branch="true" condition-coverage="100% (2/2)" hits="1" number="70"/>
						<line hits="1" number="71"/>
						<line hits="1" number="72"/>
						<line hits="1" number="74"/>
						<line branch="true" condition-coverage="100% (2/2)" hits="1" number="75"/>
						<line hits="1" number="76"/>
						<line hits="1" number="77"/>
						<line hits="1" number="79"/>
						<line branch="true" condition-coverage="100% (2/2)" hits="1" number="80"/>
						<line hits="1" number="81"/>
						<line hits="1" number="82"/>
						<line hits="1" number="84"/>
						<line branch="true" condition-coverage="100% (2/2)" hits="1" number="85"/>
						<line hits="1" number="86"/>
						<line hits="1" number="87"/>
						<line hits="1" number="89"/>
						<line branch="true" condition-coverage="100% (2/2)" hits="1" number="90"/>
						<line hits="1" number="91"/>
						<line hits="1" number="92"/>
						<line hits="1" number="93"/>
						<line hits="1" number="94"/>
						<line hits="1" number="96"/>
						<line branch="true" condition-coverage="100% (2/2)" hits="1" number="97"/>
						<line hits="1" number="98"/>
						<line hits="1" number="99"/>
						<line hits="1" number="100"/>
						<line hits="1" number="102"/>
						<line branch="true" condition-coverage="100% (2/2)" hits="1" number="103"/>
						<line hits="1" number="104"/>
						<line hits="1" number="105"/>
						<line hits="1" number="106"/>
						<line hits="1" number="108"/>
						<line branch="true" condition-coverage="100% (4/4)" hits="1" number="109"/>
						<line hits="1" number="112"/>
						<line hits="1" number="113"/>
						<line hits="1" number="114"/>
						<line hits="1" number="115"/>
						<line hits="1" number="117"/>
						<line branch="true" condition-coverage="100% (4/4)" hits="1" number="118"/>
						<line hits="1" number="121"/>
						<line hits="1" number="122"/>
						<line hits="1" number="123"/>
						<line hits="1" number="124"/>
						<line hits="1" number="126"/>
						<line branch="true" condition-coverage="100% (4/4)" hits="1" number="127"/>
						<line hits="1" number="130"/>
						<line hits="1" number="131"/>
						<line hits="1" number="132"/>
						<line hits="1" number="133"/>
						<line hits="1" number="135"/>
						<line hits="1" number="137"/>
						<line hits="1" number="138"/>
						<line hits="1" number="139"/>
						<line hits="1" number="140"/>
						<line hits="1" number="141"/>
						<line hits="1" number="142"/>
						<line hits="1" number="144"/>
						<line hits="1" number="145"/>
						<line hits="1" number="152"/>
						<line hits="1" number="154"/>
						<line hits="1" number="155"/>
						<line hits="1" number="156"/>
						<line hits="1" number="157"/>
						<line hits="1" number="158"/>
						<line hits="1" number="159"/>
						<line hits="1" number="161"/>
						<line hits="1" number="162"/>
						<line hits="1" number="167"/>
						<line hits="1" number="188"/>
						<line hits="1" number="198"/>
						<line hits="1" number="199"/>
						<line hits="1" number="200"/>
						<line hits="1" number="201"/>
					</lines>
				</class>
				<class branch-rate="0.8333" complexity="0" filename="Shared/DC/ZRDB/tests/test_sqlvar.py" line-rate="0.9886" name="test_sqlvar.py">
					<methods/>
					<lines>
						<line hits="1" number="13"/>
						<line hits="1" number="15"/>
						<line hits="1" number="18"/>
						<line hits="1" number="19"/>
						<line hits="1" number="22"/>
						<line hits="1" number="24"/>
						<line branch="true" condition-coverage="100% (2/2)" hits="1" number="25"/>
						<line hits="1" number="26"/>
						<line hits="1" number="28"/>
						<line branch="true" condition-coverage="100% (2/2)" hits="1" number="29"/>
						<line branch="true" condition-coverage="50% (1/2)" hits="1" missing-branches="31" number="30"/>
						<line hits="0" number="31"/>
						<line hits="1" number="32"/>
						<line hits="1" number="35"/>
						<line hits="1" number="37"/>
						<line hits="1" number="38"/>
						<line hits="1" number="39"/>
						<line hits="1" number="41"/>
						<line hits="1" number="42"/>
						<line hits="1" number="44"/>
						<line hits="1" number="45"/>
						<line hits="1" number="46"/>
						<line hits="1" number="48"/>
						<line hits="1" number="49"/>
						<line hits="1" number="50"/>
						<line hits="1" number="52"/>
						<line hits="1" number="53"/>
						<line hits="1" number="54"/>
						<line hits="1" number="55"/>
						<line hits="1" number="56"/>
						<line hits="1" number="58"/>
						<line hits="1" number="59"/>
						<line hits="1" number="60"/>
						<line hits="1" number="62"/>
						<line hits="1" number="63"/>
						<line hits="1" number="64"/>
						<line hits="1" number="66"/>
						<line hits="1" number="67"/>
						<line hits="1" number="68"/>
						<line hits="1" number="70"/>
						<line hits="1" number="71"/>
						<line hits="1" number="72"/>
						<line hits="1" number="74"/>
						<line hits="1" number="75"/>
						<line hits="1" number="76"/>
						<line hits="1" number="78"/>
						<line hits="1" number="79"/>
						<line hits="1" number="80"/>
						<line hits="1" number="82"/>
						<line hits="1" number="83"/>
						<line hits="1" number="84"/>
						<line hits="1" number="86"/>
						<line hits="1" number="87"/>
						<line hits="1" number="88"/>
						<line hits="1" number="90"/>
						<line hits="1" number="91"/>
						<line hits="1" number="92"/>
						<line hits="1" number="94"/>
						<line hits="1" number="95"/>
						<line hits="1" number="96"/>
						<line hits="1" number="98"/>
						<line hits="1" number="99"/>
						<line hits="1" number="100"/>
						<line hits="1" number="102"/>
						<line hits="1" number="103"/>
						<line hits="1" number="104"/>
						<line hits="1" number="106"/>
						<line hits="1" number="107"/>
						<line hits="1" number="108"/>
						<line hits="1" number="110"/>
						<line hits="1" number="111"/>
						<line hits="1" number="112"/>
						<line hits="1" number="114"/>
						<line hits="1" number="115"/>
						<line hits="1" number="116"/>
						<line hits="1" number="118"/>
						<line hits="1" number="119"/>
						<line hits="1" number="120"/>
						<line hits="1" number="122"/>
						<line hits="1" number="124"/>
						<line hits="1" number="125"/>
						<line hits="1" number="127"/>
						<line hits="1" number="129"/>
						<line hits="1" number="130"/>
						<line hits="1" number="133"/>
						<line hits="1" number="134"/>
						<line hits="1" number="135"/>
						<line hits="1" number="136"/>
					</lines>
				</class>
			</classes>
		</package>
	</packages>
</coverage>
